<?xml version="1.0" encoding="UTF-8" standalone="no"?>
<testsuite failures="1" name="cucumber.runtime.formatter.JUnitFormatter" skipped="0" tests="1" time="25.853928">
<testcase classname="Verify the details with JSON which are displayed on wealth register page." name="Verify that user successfully verify the wealth register report with given JSON data" time="25.853928">
<failure message="java.lang.IndexOutOfBoundsException: Index: 0, Size: 0&#13;&#10;&#9;at java.util.ArrayList.rangeCheck(Unknown Source)&#13;&#10;&#9;at java.util.ArrayList.get(Unknown Source)&#13;&#10;&#9;at sun.reflect.NativeMethodAccessorImpl.invoke0(Native Method)&#13;&#10;&#9;at sun.reflect.NativeMethodAccessorImpl.invoke(Unknown Source)&#13;&#10;&#9;at sun.reflect.DelegatingMethodAccessorImpl.invoke(Unknown Source)&#13;&#10;&#9;at java.lang.reflect.Method.invoke(Unknown Source)&#13;&#10;&#9;at org.openqa.selenium.support.pagefactory.internal.LocatingElementListHandler.invoke(LocatingElementListHandler.java:39)&#13;&#10;&#9;at com.sun.proxy.$Proxy21.get(Unknown Source)&#13;&#10;&#9;at com.assetvantage.pageObjectClass.wealthRegisterPage.expandTheReport(wealthRegisterPage.java:178)&#13;&#10;&#9;at com.assetvantage.StepDefination.wealthRegisterVerification_Assetvantage.detailedReportIsDisplayed(wealthRegisterVerification_Assetvantage.java:68)&#13;&#10;&#9;at ✽.Then All Denominated Assets are displayed on page(C:/Users/partha.das/git/BDDFrameworkForQA/demoBDDFramework/src/main/java/com/assetvantage/featureFile/wealthRegisterVerification.feature:9)&#13;&#10;"><![CDATA[Given user logs into portal with "ravi.prakash" and "user@123"..............passed
When user clicks on menu - analytics and clicks on wealth register..........passed
Then wealth register page is displayed......................................passed
Then user search the details by entering correct entity and date and clicked on process.passed
Then All Denominated Assets are displayed on page...........................failed
Then user verify the details with given JSON................................skipped

StackTrace:
java.lang.IndexOutOfBoundsException: Index: 0, Size: 0
	at java.util.ArrayList.rangeCheck(Unknown Source)
	at java.util.ArrayList.get(Unknown Source)
	at sun.reflect.NativeMethodAccessorImpl.invoke0(Native Method)
	at sun.reflect.NativeMethodAccessorImpl.invoke(Unknown Source)
	at sun.reflect.DelegatingMethodAccessorImpl.invoke(Unknown Source)
	at java.lang.reflect.Method.invoke(Unknown Source)
	at org.openqa.selenium.support.pagefactory.internal.LocatingElementListHandler.invoke(LocatingElementListHandler.java:39)
	at com.sun.proxy.$Proxy21.get(Unknown Source)
	at com.assetvantage.pageObjectClass.wealthRegisterPage.expandTheReport(wealthRegisterPage.java:178)
	at com.assetvantage.StepDefination.wealthRegisterVerification_Assetvantage.detailedReportIsDisplayed(wealthRegisterVerification_Assetvantage.java:68)
	at ✽.Then All Denominated Assets are displayed on page(C:/Users/partha.das/git/BDDFrameworkForQA/demoBDDFramework/src/main/java/com/assetvantage/featureFile/wealthRegisterVerification.feature:9)
]]></failure>
</testcase>
</testsuite>
