<?xml version="1.0" encoding="UTF-8" standalone="no"?>
<testsuite failures="1" name="cucumber.runtime.formatter.JUnitFormatter" skipped="0" tests="1" time="12.594895">
<testcase classname="Login to Asset Vantage portal" name="Verify that user is able to login to portal" time="12.594895">
<failure message="org.openqa.selenium.NoSuchElementException: no such element: Unable to locate element: {&quot;method&quot;:&quot;id&quot;,&quot;selector&quot;:&quot;username&quot;}&#10;  (Session info: chrome=71.0.3578.80)&#10;  (Driver info: chromedriver=2.44.609538 (b655c5a60b0b544917107a59d4153d4bf78e1b90),platform=Windows NT 10.0.17133 x86_64) (WARNING: The server did not provide any stacktrace information)&#10;Command duration or timeout: 0 milliseconds&#10;For documentation on this error, please visit: http://seleniumhq.org/exceptions/no_such_element.html&#10;Build info: version: '3.14.0', revision: 'aacccce0', time: '2018-08-02T20:19:58.91Z'&#10;System info: host: 'DESKTOP-CIM2M57', ip: '192.168.60.117', os.name: 'Windows 10', os.arch: 'amd64', os.version: '10.0', java.version: '1.8.0_171'&#10;Driver info: org.openqa.selenium.chrome.ChromeDriver&#10;Capabilities {acceptInsecureCerts: false, acceptSslCerts: false, applicationCacheEnabled: false, browserConnectionEnabled: false, browserName: chrome, chrome: {chromedriverVersion: 2.44.609538 (b655c5a60b0b54..., userDataDir: C:\Users\partha.das\AppData...}, cssSelectorsEnabled: true, databaseEnabled: false, goog:chromeOptions: {debuggerAddress: localhost:65280}, handlesAlerts: true, hasTouchScreen: false, javascriptEnabled: true, locationContextEnabled: true, mobileEmulationEnabled: false, nativeEvents: true, networkConnectionEnabled: false, pageLoadStrategy: normal, platform: XP, platformName: XP, rotatable: false, setWindowRect: true, takesHeapSnapshot: true, takesScreenshot: true, unexpectedAlertBehaviour: ignore, unhandledPromptBehavior: ignore, version: 71.0.3578.80, webStorageEnabled: true}&#10;Session ID: 25e437191c3e8db44b458cd92fd66462&#10;*** Element info: {Using=id, value=username}&#13;&#10;&#9;at sun.reflect.NativeConstructorAccessorImpl.newInstance0(Native Method)&#13;&#10;&#9;at sun.reflect.NativeConstructorAccessorImpl.newInstance(Unknown Source)&#13;&#10;&#9;at sun.reflect.DelegatingConstructorAccessorImpl.newInstance(Unknown Source)&#13;&#10;&#9;at java.lang.reflect.Constructor.newInstance(Unknown Source)&#13;&#10;&#9;at org.openqa.selenium.remote.ErrorHandler.createThrowable(ErrorHandler.java:214)&#13;&#10;&#9;at org.openqa.selenium.remote.ErrorHandler.throwIfResponseFailed(ErrorHandler.java:166)&#13;&#10;&#9;at org.openqa.selenium.remote.http.JsonHttpResponseCodec.reconstructValue(JsonHttpResponseCodec.java:40)&#13;&#10;&#9;at org.openqa.selenium.remote.http.AbstractHttpResponseCodec.decode(AbstractHttpResponseCodec.java:80)&#13;&#10;&#9;at org.openqa.selenium.remote.http.AbstractHttpResponseCodec.decode(AbstractHttpResponseCodec.java:44)&#13;&#10;&#9;at org.openqa.selenium.remote.HttpCommandExecutor.execute(HttpCommandExecutor.java:158)&#13;&#10;&#9;at org.openqa.selenium.remote.service.DriverCommandExecutor.execute(DriverCommandExecutor.java:83)&#13;&#10;&#9;at org.openqa.selenium.remote.RemoteWebDriver.execute(RemoteWebDriver.java:548)&#13;&#10;&#9;at org.openqa.selenium.remote.RemoteWebDriver.findElement(RemoteWebDriver.java:322)&#13;&#10;&#9;at org.openqa.selenium.remote.RemoteWebDriver.findElementById(RemoteWebDriver.java:368)&#13;&#10;&#9;at org.openqa.selenium.By$ById.findElement(By.java:188)&#13;&#10;&#9;at org.openqa.selenium.remote.RemoteWebDriver.findElement(RemoteWebDriver.java:314)&#13;&#10;&#9;at org.openqa.selenium.support.pagefactory.DefaultElementLocator.findElement(DefaultElementLocator.java:69)&#13;&#10;&#9;at org.openqa.selenium.support.pagefactory.internal.LocatingElementHandler.invoke(LocatingElementHandler.java:38)&#13;&#10;&#9;at com.sun.proxy.$Proxy18.sendKeys(Unknown Source)&#13;&#10;&#9;at com.assetvantage.pageObjectClass.logInPage.loginToApp(logInPage.java:65)&#13;&#10;&#9;at com.assetvantage.StepDefination.loginTo_AssetVantage.loginWithCredentials(loginTo_AssetVantage.java:36)&#13;&#10;&#9;at ✽.When user throws &quot;ravi.prakash&quot; and &quot;user@123&quot; and click on Login button(D:/EclipseWorkspace/demoBDDFramework/src/main/java/com/assetvantage/featureFile/logIn.feature:6)&#13;&#10;"><![CDATA[Given user is on login page.................................................passed
When user throws "ravi.prakash" and "user@123" and click on Login button....failed
Then Asset Vantage home page is displayed...................................skipped

StackTrace:
org.openqa.selenium.NoSuchElementException: no such element: Unable to locate element: {"method":"id","selector":"username"}
  (Session info: chrome=71.0.3578.80)
  (Driver info: chromedriver=2.44.609538 (b655c5a60b0b544917107a59d4153d4bf78e1b90),platform=Windows NT 10.0.17133 x86_64) (WARNING: The server did not provide any stacktrace information)
Command duration or timeout: 0 milliseconds
For documentation on this error, please visit: http://seleniumhq.org/exceptions/no_such_element.html
Build info: version: '3.14.0', revision: 'aacccce0', time: '2018-08-02T20:19:58.91Z'
System info: host: 'DESKTOP-CIM2M57', ip: '192.168.60.117', os.name: 'Windows 10', os.arch: 'amd64', os.version: '10.0', java.version: '1.8.0_171'
Driver info: org.openqa.selenium.chrome.ChromeDriver
Capabilities {acceptInsecureCerts: false, acceptSslCerts: false, applicationCacheEnabled: false, browserConnectionEnabled: false, browserName: chrome, chrome: {chromedriverVersion: 2.44.609538 (b655c5a60b0b54..., userDataDir: C:\Users\partha.das\AppData...}, cssSelectorsEnabled: true, databaseEnabled: false, goog:chromeOptions: {debuggerAddress: localhost:65280}, handlesAlerts: true, hasTouchScreen: false, javascriptEnabled: true, locationContextEnabled: true, mobileEmulationEnabled: false, nativeEvents: true, networkConnectionEnabled: false, pageLoadStrategy: normal, platform: XP, platformName: XP, rotatable: false, setWindowRect: true, takesHeapSnapshot: true, takesScreenshot: true, unexpectedAlertBehaviour: ignore, unhandledPromptBehavior: ignore, version: 71.0.3578.80, webStorageEnabled: true}
Session ID: 25e437191c3e8db44b458cd92fd66462
*** Element info: {Using=id, value=username}
	at sun.reflect.NativeConstructorAccessorImpl.newInstance0(Native Method)
	at sun.reflect.NativeConstructorAccessorImpl.newInstance(Unknown Source)
	at sun.reflect.DelegatingConstructorAccessorImpl.newInstance(Unknown Source)
	at java.lang.reflect.Constructor.newInstance(Unknown Source)
	at org.openqa.selenium.remote.ErrorHandler.createThrowable(ErrorHandler.java:214)
	at org.openqa.selenium.remote.ErrorHandler.throwIfResponseFailed(ErrorHandler.java:166)
	at org.openqa.selenium.remote.http.JsonHttpResponseCodec.reconstructValue(JsonHttpResponseCodec.java:40)
	at org.openqa.selenium.remote.http.AbstractHttpResponseCodec.decode(AbstractHttpResponseCodec.java:80)
	at org.openqa.selenium.remote.http.AbstractHttpResponseCodec.decode(AbstractHttpResponseCodec.java:44)
	at org.openqa.selenium.remote.HttpCommandExecutor.execute(HttpCommandExecutor.java:158)
	at org.openqa.selenium.remote.service.DriverCommandExecutor.execute(DriverCommandExecutor.java:83)
	at org.openqa.selenium.remote.RemoteWebDriver.execute(RemoteWebDriver.java:548)
	at org.openqa.selenium.remote.RemoteWebDriver.findElement(RemoteWebDriver.java:322)
	at org.openqa.selenium.remote.RemoteWebDriver.findElementById(RemoteWebDriver.java:368)
	at org.openqa.selenium.By$ById.findElement(By.java:188)
	at org.openqa.selenium.remote.RemoteWebDriver.findElement(RemoteWebDriver.java:314)
	at org.openqa.selenium.support.pagefactory.DefaultElementLocator.findElement(DefaultElementLocator.java:69)
	at org.openqa.selenium.support.pagefactory.internal.LocatingElementHandler.invoke(LocatingElementHandler.java:38)
	at com.sun.proxy.$Proxy18.sendKeys(Unknown Source)
	at com.assetvantage.pageObjectClass.logInPage.loginToApp(logInPage.java:65)
	at com.assetvantage.StepDefination.loginTo_AssetVantage.loginWithCredentials(loginTo_AssetVantage.java:36)
	at ✽.When user throws "ravi.prakash" and "user@123" and click on Login button(D:/EclipseWorkspace/demoBDDFramework/src/main/java/com/assetvantage/featureFile/logIn.feature:6)
]]></failure>
</testcase>
</testsuite>
