<?xml version="1.0" encoding="UTF-8" standalone="no"?>
<testsuite failures="0" name="cucumber.runtime.formatter.JUnitFormatter" skipped="0" tests="1" time="11.071055">
<testcase classname="Login to Asset Vantage portal" name="Verify that user is able to login to portal" time="11.071055">
<system-out><![CDATA[Given user is on login page.................................................passed
When user throws "ravi.prakash" and "user@123" and click on Login button....passed
Then Asset Vantage home page is displayed...................................passed
]]></system-out>
</testcase>
</testsuite>
