<?xml version="1.0" encoding="UTF-8"?>
<testng-results skipped="0" failed="8" ignored="0" total="12" passed="4">
  <reporter-output>
  </reporter-output>
  <suite name="Asset Vantage Test Suite" duration-ms="394315" started-at="2018-12-17T18:54:51Z" finished-at="2018-12-17T19:01:25Z">
    <groups>
      <group name="cucumber">
        <method signature="TC_1_loginTest.feature(cucumber.api.testng.CucumberFeatureWrapper)[pri:0, instance:Demo_Framework.TestRunner.TC_1_loginTest@32709393]" name="feature" class="Demo_Framework.TestRunner.TC_1_loginTest"/>
        <method signature="TC_2_createAnAccount.feature(cucumber.api.testng.CucumberFeatureWrapper)[pri:0, instance:Demo_Framework.TestRunner.TC_2_createAnAccount@3d99d22e]" name="feature" class="Demo_Framework.TestRunner.TC_2_createAnAccount"/>
        <method signature="TC_3_verify_WealthRegister_Report.feature(cucumber.api.testng.CucumberFeatureWrapper)[pri:0, instance:Demo_Framework.TestRunner.TC_3_verify_WealthRegister_Report@49fc609f]" name="feature" class="Demo_Framework.TestRunner.TC_3_verify_WealthRegister_Report"/>
        <method signature="TC_4_verify_balanceSheet_report.feature(cucumber.api.testng.CucumberFeatureWrapper)[pri:0, instance:Demo_Framework.TestRunner.TC_4_verify_balanceSheet_report@cd2dae5]" name="feature" class="Demo_Framework.TestRunner.TC_4_verify_balanceSheet_report"/>
        <method signature="TC_1_loginTest.feature(cucumber.api.testng.CucumberFeatureWrapper)[pri:0, instance:Demo_Framework.TestRunner.TC_1_loginTest@2d6eabae]" name="feature" class="Demo_Framework.TestRunner.TC_1_loginTest"/>
        <method signature="TC_2_createAnAccount.feature(cucumber.api.testng.CucumberFeatureWrapper)[pri:0, instance:Demo_Framework.TestRunner.TC_2_createAnAccount@4e7dc304]" name="feature" class="Demo_Framework.TestRunner.TC_2_createAnAccount"/>
        <method signature="TC_3_verify_WealthRegister_Report.feature(cucumber.api.testng.CucumberFeatureWrapper)[pri:0, instance:Demo_Framework.TestRunner.TC_3_verify_WealthRegister_Report@64729b1e]" name="feature" class="Demo_Framework.TestRunner.TC_3_verify_WealthRegister_Report"/>
        <method signature="TC_4_verify_balanceSheet_report.feature(cucumber.api.testng.CucumberFeatureWrapper)[pri:0, instance:Demo_Framework.TestRunner.TC_4_verify_balanceSheet_report@10bbd20a]" name="feature" class="Demo_Framework.TestRunner.TC_4_verify_balanceSheet_report"/>
        <method signature="TC_1_loginTest.feature(cucumber.api.testng.CucumberFeatureWrapper)[pri:0, instance:Demo_Framework.TestRunner.TC_1_loginTest@396f6598]" name="feature" class="Demo_Framework.TestRunner.TC_1_loginTest"/>
        <method signature="TC_2_createAnAccount.feature(cucumber.api.testng.CucumberFeatureWrapper)[pri:0, instance:Demo_Framework.TestRunner.TC_2_createAnAccount@394e1a0f]" name="feature" class="Demo_Framework.TestRunner.TC_2_createAnAccount"/>
        <method signature="TC_3_verify_WealthRegister_Report.feature(cucumber.api.testng.CucumberFeatureWrapper)[pri:0, instance:Demo_Framework.TestRunner.TC_3_verify_WealthRegister_Report@27a5f880]" name="feature" class="Demo_Framework.TestRunner.TC_3_verify_WealthRegister_Report"/>
        <method signature="TC_4_verify_balanceSheet_report.feature(cucumber.api.testng.CucumberFeatureWrapper)[pri:0, instance:Demo_Framework.TestRunner.TC_4_verify_balanceSheet_report@1d29cf23]" name="feature" class="Demo_Framework.TestRunner.TC_4_verify_balanceSheet_report"/>
      </group> <!-- cucumber -->
    </groups>
    <test name="Login and Update Profile Test1" duration-ms="185935" started-at="2018-12-17T18:54:51Z" finished-at="2018-12-17T18:57:57Z">
      <class name="Demo_Framework.TestRunner.TC_4_verify_balanceSheet_report">
        <test-method status="PASS" signature="setUpClass(java.lang.String)[pri:0, instance:Demo_Framework.TestRunner.TC_4_verify_balanceSheet_report@cd2dae5]" name="setUpClass" is-config="true" duration-ms="33927" started-at="2018-12-17T18:57:00Z" finished-at="2018-12-17T18:57:34Z">
          <params>
            <param index="0">
              <value>
                <![CDATA[chrome]]>
              </value>
            </param>
          </params>
          <reporter-output>
          </reporter-output>
        </test-method> <!-- setUpClass -->
        <test-method status="FAIL" signature="feature(cucumber.api.testng.CucumberFeatureWrapper)[pri:0, instance:Demo_Framework.TestRunner.TC_4_verify_balanceSheet_report@cd2dae5]" name="feature" duration-ms="21708" started-at="2018-12-17T18:57:34Z" description="Check balanceSheet report" data-provider="features" finished-at="2018-12-17T18:57:56Z">
          <params>
            <param index="0">
              <value>
                <![CDATA[Verify the details with JSON which are displayed on wealth register page.]]>
              </value>
            </param>
          </params>
          <exception class="cucumber.runtime.CucumberException">
            <message>
              <![CDATA[org.openqa.selenium.WebDriverException: unknown error: Element <button class="tbl-expand pull-left" title="Expand All" id="btnExpandAll">...</button> is not clickable at point (42, 107). Other element would receive the click: <div class="modalloader"></div>
  (Session info: chrome=71.0.3578.98)
  (Driver info: chromedriver=2.44.609538 (b655c5a60b0b544917107a59d4153d4bf78e1b90),platform=Windows NT 10.0.17134 x86_64) (WARNING: The server did not provide any stacktrace information)
Command duration or timeout: 0 milliseconds
Build info: version: '3.14.0', revision: 'aacccce0', time: '2018-08-02T20:19:58.91Z'
System info: host: 'DESKTOP-CIM2M57', ip: '172.18.4.49', os.name: 'Windows 10', os.arch: 'amd64', os.version: '10.0', java.version: '1.8.0_171'
Driver info: org.openqa.selenium.chrome.ChromeDriver
Capabilities {acceptInsecureCerts: false, acceptSslCerts: false, applicationCacheEnabled: false, browserConnectionEnabled: false, browserName: chrome, chrome: {chromedriverVersion: 2.44.609538 (b655c5a60b0b54..., userDataDir: C:\Users\partha.das\AppData...}, cssSelectorsEnabled: true, databaseEnabled: false, goog:chromeOptions: {debuggerAddress: localhost:53749}, handlesAlerts: true, hasTouchScreen: false, javascriptEnabled: true, locationContextEnabled: true, mobileEmulationEnabled: false, nativeEvents: true, networkConnectionEnabled: false, pageLoadStrategy: normal, platform: XP, platformName: XP, rotatable: false, setWindowRect: true, takesHeapSnapshot: true, takesScreenshot: true, unexpectedAlertBehaviour: ignore, unhandledPromptBehavior: ignore, version: 71.0.3578.98, webStorageEnabled: true}
Session ID: 292a2846e4940f40113c50809cdede27]]>
            </message>
            <full-stacktrace>
              <![CDATA[cucumber.runtime.CucumberException: org.openqa.selenium.WebDriverException: unknown error: Element <button class="tbl-expand pull-left" title="Expand All" id="btnExpandAll">...</button> is not clickable at point (42, 107). Other element would receive the click: <div class="modalloader"></div>
  (Session info: chrome=71.0.3578.98)
  (Driver info: chromedriver=2.44.609538 (b655c5a60b0b544917107a59d4153d4bf78e1b90),platform=Windows NT 10.0.17134 x86_64) (WARNING: The server did not provide any stacktrace information)
Command duration or timeout: 0 milliseconds
Build info: version: '3.14.0', revision: 'aacccce0', time: '2018-08-02T20:19:58.91Z'
System info: host: 'DESKTOP-CIM2M57', ip: '172.18.4.49', os.name: 'Windows 10', os.arch: 'amd64', os.version: '10.0', java.version: '1.8.0_171'
Driver info: org.openqa.selenium.chrome.ChromeDriver
Capabilities {acceptInsecureCerts: false, acceptSslCerts: false, applicationCacheEnabled: false, browserConnectionEnabled: false, browserName: chrome, chrome: {chromedriverVersion: 2.44.609538 (b655c5a60b0b54..., userDataDir: C:\Users\partha.das\AppData...}, cssSelectorsEnabled: true, databaseEnabled: false, goog:chromeOptions: {debuggerAddress: localhost:53749}, handlesAlerts: true, hasTouchScreen: false, javascriptEnabled: true, locationContextEnabled: true, mobileEmulationEnabled: false, nativeEvents: true, networkConnectionEnabled: false, pageLoadStrategy: normal, platform: XP, platformName: XP, rotatable: false, setWindowRect: true, takesHeapSnapshot: true, takesScreenshot: true, unexpectedAlertBehaviour: ignore, unhandledPromptBehavior: ignore, version: 71.0.3578.98, webStorageEnabled: true}
Session ID: 292a2846e4940f40113c50809cdede27
at cucumber.api.testng.TestNGCucumberRunner.runCucumber(TestNGCucumberRunner.java:69)
at Demo_Framework.TestRunner.TC_4_verify_balanceSheet_report.feature(TC_4_verify_balanceSheet_report.java:46)
at sun.reflect.NativeMethodAccessorImpl.invoke0(Native Method)
at sun.reflect.NativeMethodAccessorImpl.invoke(Unknown Source)
at sun.reflect.DelegatingMethodAccessorImpl.invoke(Unknown Source)
at java.lang.reflect.Method.invoke(Unknown Source)
at org.testng.internal.MethodInvocationHelper.invokeMethod(MethodInvocationHelper.java:124)
at org.testng.internal.Invoker.invokeMethod(Invoker.java:580)
at org.testng.internal.Invoker.invokeTestMethod(Invoker.java:716)
at org.testng.internal.Invoker.invokeTestMethods(Invoker.java:988)
at org.testng.internal.TestMethodWorker.invokeTestMethods(TestMethodWorker.java:125)
at org.testng.internal.TestMethodWorker.run(TestMethodWorker.java:109)
at java.util.concurrent.ThreadPoolExecutor.runWorker(Unknown Source)
at java.util.concurrent.ThreadPoolExecutor$Worker.run(Unknown Source)
at java.lang.Thread.run(Unknown Source)
Caused by: org.openqa.selenium.WebDriverException: unknown error: Element <button class="tbl-expand pull-left" title="Expand All" id="btnExpandAll">...</button> is not clickable at point (42, 107). Other element would receive the click: <div class="modalloader"></div>
  (Session info: chrome=71.0.3578.98)
  (Driver info: chromedriver=2.44.609538 (b655c5a60b0b544917107a59d4153d4bf78e1b90),platform=Windows NT 10.0.17134 x86_64) (WARNING: The server did not provide any stacktrace information)
Command duration or timeout: 0 milliseconds
Build info: version: '3.14.0', revision: 'aacccce0', time: '2018-08-02T20:19:58.91Z'
System info: host: 'DESKTOP-CIM2M57', ip: '172.18.4.49', os.name: 'Windows 10', os.arch: 'amd64', os.version: '10.0', java.version: '1.8.0_171'
Driver info: org.openqa.selenium.chrome.ChromeDriver
Capabilities {acceptInsecureCerts: false, acceptSslCerts: false, applicationCacheEnabled: false, browserConnectionEnabled: false, browserName: chrome, chrome: {chromedriverVersion: 2.44.609538 (b655c5a60b0b54..., userDataDir: C:\Users\partha.das\AppData...}, cssSelectorsEnabled: true, databaseEnabled: false, goog:chromeOptions: {debuggerAddress: localhost:53749}, handlesAlerts: true, hasTouchScreen: false, javascriptEnabled: true, locationContextEnabled: true, mobileEmulationEnabled: false, nativeEvents: true, networkConnectionEnabled: false, pageLoadStrategy: normal, platform: XP, platformName: XP, rotatable: false, setWindowRect: true, takesHeapSnapshot: true, takesScreenshot: true, unexpectedAlertBehaviour: ignore, unhandledPromptBehavior: ignore, version: 71.0.3578.98, webStorageEnabled: true}
Session ID: 292a2846e4940f40113c50809cdede27
at sun.reflect.NativeConstructorAccessorImpl.newInstance0(Native Method)
at sun.reflect.NativeConstructorAccessorImpl.newInstance(Unknown Source)
at sun.reflect.DelegatingConstructorAccessorImpl.newInstance(Unknown Source)
at java.lang.reflect.Constructor.newInstance(Unknown Source)
at org.openqa.selenium.remote.ErrorHandler.createThrowable(ErrorHandler.java:214)
at org.openqa.selenium.remote.ErrorHandler.throwIfResponseFailed(ErrorHandler.java:166)
at org.openqa.selenium.remote.http.JsonHttpResponseCodec.reconstructValue(JsonHttpResponseCodec.java:40)
at org.openqa.selenium.remote.http.AbstractHttpResponseCodec.decode(AbstractHttpResponseCodec.java:80)
at org.openqa.selenium.remote.http.AbstractHttpResponseCodec.decode(AbstractHttpResponseCodec.java:44)
at org.openqa.selenium.remote.HttpCommandExecutor.execute(HttpCommandExecutor.java:158)
at org.openqa.selenium.remote.service.DriverCommandExecutor.execute(DriverCommandExecutor.java:83)
at org.openqa.selenium.remote.RemoteWebDriver.execute(RemoteWebDriver.java:548)
at org.openqa.selenium.remote.RemoteWebElement.execute(RemoteWebElement.java:276)
at org.openqa.selenium.remote.RemoteWebElement.click(RemoteWebElement.java:83)
at sun.reflect.GeneratedMethodAccessor9.invoke(Unknown Source)
at sun.reflect.DelegatingMethodAccessorImpl.invoke(Unknown Source)
at java.lang.reflect.Method.invoke(Unknown Source)
at org.openqa.selenium.support.pagefactory.internal.LocatingElementHandler.invoke(LocatingElementHandler.java:51)
at com.sun.proxy.$Proxy20.click(Unknown Source)
at com.assetvantage.pageObjectClass.balanceSheetPage.expandTheReport(balanceSheetPage.java:154)
at com.assetvantage.StepDefination.balanceSheetVerification_Assetvantage.detailedReportIsDisplayed(balanceSheetVerification_Assetvantage.java:68)
at ✽.Then All  Equities and Liabilities are displayed on page(C:/Users/partha.das/git/BDDFrameworkForQA/demoBDDFramework/src/main/java/com/assetvantage/featureFile/balanceSheetVerification.feature:9)
]]>
            </full-stacktrace>
          </exception> <!-- cucumber.runtime.CucumberException -->
          <reporter-output>
          </reporter-output>
        </test-method> <!-- feature -->
        <test-method status="PASS" signature="tearDownClass()[pri:0, instance:Demo_Framework.TestRunner.TC_4_verify_balanceSheet_report@cd2dae5]" name="tearDownClass" is-config="true" duration-ms="1008" started-at="2018-12-17T18:57:56Z" finished-at="2018-12-17T18:57:57Z">
          <reporter-output>
          </reporter-output>
        </test-method> <!-- tearDownClass -->
      </class> <!-- Demo_Framework.TestRunner.TC_4_verify_balanceSheet_report -->
      <class name="Demo_Framework.TestRunner.TC_3_verify_WealthRegister_Report">
        <test-method status="PASS" signature="setUpClass(java.lang.String)[pri:0, instance:Demo_Framework.TestRunner.TC_3_verify_WealthRegister_Report@49fc609f]" name="setUpClass" is-config="true" duration-ms="33420" started-at="2018-12-17T18:56:26Z" finished-at="2018-12-17T18:56:59Z">
          <params>
            <param index="0">
              <value>
                <![CDATA[chrome]]>
              </value>
            </param>
          </params>
          <reporter-output>
          </reporter-output>
        </test-method> <!-- setUpClass -->
        <test-method status="PASS" signature="feature(cucumber.api.testng.CucumberFeatureWrapper)[pri:0, instance:Demo_Framework.TestRunner.TC_3_verify_WealthRegister_Report@49fc609f]" name="feature" duration-ms="28" started-at="2018-12-17T18:56:59Z" description="Check WR report" data-provider="features" finished-at="2018-12-17T18:56:59Z">
          <params>
            <param index="0">
              <value>
                <![CDATA[Verify the details with JSON which are displayed on wealth register page.]]>
              </value>
            </param>
          </params>
          <reporter-output>
          </reporter-output>
        </test-method> <!-- feature -->
        <test-method status="PASS" signature="tearDownClass()[pri:0, instance:Demo_Framework.TestRunner.TC_3_verify_WealthRegister_Report@49fc609f]" name="tearDownClass" is-config="true" duration-ms="1247" started-at="2018-12-17T18:56:59Z" finished-at="2018-12-17T18:57:00Z">
          <reporter-output>
          </reporter-output>
        </test-method> <!-- tearDownClass -->
      </class> <!-- Demo_Framework.TestRunner.TC_3_verify_WealthRegister_Report -->
      <class name="Demo_Framework.TestRunner.TC_1_loginTest">
        <test-method status="PASS" signature="setUpClass(java.lang.String)[pri:0, instance:Demo_Framework.TestRunner.TC_1_loginTest@32709393]" name="setUpClass" is-config="true" duration-ms="36013" started-at="2018-12-17T18:54:51Z" finished-at="2018-12-17T18:55:27Z">
          <params>
            <param index="0">
              <value>
                <![CDATA[chrome]]>
              </value>
            </param>
          </params>
          <reporter-output>
          </reporter-output>
        </test-method> <!-- setUpClass -->
        <test-method status="PASS" signature="feature(cucumber.api.testng.CucumberFeatureWrapper)[pri:0, instance:Demo_Framework.TestRunner.TC_1_loginTest@32709393]" name="feature" duration-ms="10397" started-at="2018-12-17T18:55:27Z" description="Runs Cucumber Feature" data-provider="features" finished-at="2018-12-17T18:55:38Z">
          <params>
            <param index="0">
              <value>
                <![CDATA[Login to Asset Vantage portal]]>
              </value>
            </param>
          </params>
          <reporter-output>
          </reporter-output>
        </test-method> <!-- feature -->
        <test-method status="PASS" signature="tearDownClass()[pri:0, instance:Demo_Framework.TestRunner.TC_1_loginTest@32709393]" name="tearDownClass" is-config="true" duration-ms="1318" started-at="2018-12-17T18:55:38Z" finished-at="2018-12-17T18:55:39Z">
          <reporter-output>
          </reporter-output>
        </test-method> <!-- tearDownClass -->
      </class> <!-- Demo_Framework.TestRunner.TC_1_loginTest -->
      <class name="Demo_Framework.TestRunner.TC_2_createAnAccount">
        <test-method status="PASS" signature="setUpClass(java.lang.String)[pri:0, instance:Demo_Framework.TestRunner.TC_2_createAnAccount@3d99d22e]" name="setUpClass" is-config="true" duration-ms="33958" started-at="2018-12-17T18:55:39Z" finished-at="2018-12-17T18:56:13Z">
          <params>
            <param index="0">
              <value>
                <![CDATA[chrome]]>
              </value>
            </param>
          </params>
          <reporter-output>
          </reporter-output>
        </test-method> <!-- setUpClass -->
        <test-method status="FAIL" signature="feature(cucumber.api.testng.CucumberFeatureWrapper)[pri:0, instance:Demo_Framework.TestRunner.TC_2_createAnAccount@3d99d22e]" name="feature" duration-ms="11683" started-at="2018-12-17T18:56:13Z" description="Runs Cucumber Feature" data-provider="features" finished-at="2018-12-17T18:56:24Z">
          <params>
            <param index="0">
              <value>
                <![CDATA[Create an account in Assetvantage portal]]>
              </value>
            </param>
          </params>
          <exception class="cucumber.runtime.CucumberException">
            <message>
              <![CDATA[org.openqa.selenium.WebDriverException: unknown error: Element <button id="go" class="btn btn-small" tabindex="-1" onclick="getRecords('masters/index/search/data?master=account', 1);">...</button> is not clickable at point (632, 92). Other element would receive the click: <div class="modalloader"></div>
  (Session info: chrome=71.0.3578.98)
  (Driver info: chromedriver=2.44.609538 (b655c5a60b0b544917107a59d4153d4bf78e1b90),platform=Windows NT 10.0.17134 x86_64) (WARNING: The server did not provide any stacktrace information)
Command duration or timeout: 0 milliseconds
Build info: version: '3.14.0', revision: 'aacccce0', time: '2018-08-02T20:19:58.91Z'
System info: host: 'DESKTOP-CIM2M57', ip: '172.18.4.49', os.name: 'Windows 10', os.arch: 'amd64', os.version: '10.0', java.version: '1.8.0_171'
Driver info: org.openqa.selenium.chrome.ChromeDriver
Capabilities {acceptInsecureCerts: false, acceptSslCerts: false, applicationCacheEnabled: false, browserConnectionEnabled: false, browserName: chrome, chrome: {chromedriverVersion: 2.44.609538 (b655c5a60b0b54..., userDataDir: C:\Users\partha.das\AppData...}, cssSelectorsEnabled: true, databaseEnabled: false, goog:chromeOptions: {debuggerAddress: localhost:53673}, handlesAlerts: true, hasTouchScreen: false, javascriptEnabled: true, locationContextEnabled: true, mobileEmulationEnabled: false, nativeEvents: true, networkConnectionEnabled: false, pageLoadStrategy: normal, platform: XP, platformName: XP, rotatable: false, setWindowRect: true, takesHeapSnapshot: true, takesScreenshot: true, unexpectedAlertBehaviour: ignore, unhandledPromptBehavior: ignore, version: 71.0.3578.98, webStorageEnabled: true}
Session ID: 9eac61de9cd3cb098614b50496a46357]]>
            </message>
            <full-stacktrace>
              <![CDATA[cucumber.runtime.CucumberException: org.openqa.selenium.WebDriverException: unknown error: Element <button id="go" class="btn btn-small" tabindex="-1" onclick="getRecords('masters/index/search/data?master=account', 1);">...</button> is not clickable at point (632, 92). Other element would receive the click: <div class="modalloader"></div>
  (Session info: chrome=71.0.3578.98)
  (Driver info: chromedriver=2.44.609538 (b655c5a60b0b544917107a59d4153d4bf78e1b90),platform=Windows NT 10.0.17134 x86_64) (WARNING: The server did not provide any stacktrace information)
Command duration or timeout: 0 milliseconds
Build info: version: '3.14.0', revision: 'aacccce0', time: '2018-08-02T20:19:58.91Z'
System info: host: 'DESKTOP-CIM2M57', ip: '172.18.4.49', os.name: 'Windows 10', os.arch: 'amd64', os.version: '10.0', java.version: '1.8.0_171'
Driver info: org.openqa.selenium.chrome.ChromeDriver
Capabilities {acceptInsecureCerts: false, acceptSslCerts: false, applicationCacheEnabled: false, browserConnectionEnabled: false, browserName: chrome, chrome: {chromedriverVersion: 2.44.609538 (b655c5a60b0b54..., userDataDir: C:\Users\partha.das\AppData...}, cssSelectorsEnabled: true, databaseEnabled: false, goog:chromeOptions: {debuggerAddress: localhost:53673}, handlesAlerts: true, hasTouchScreen: false, javascriptEnabled: true, locationContextEnabled: true, mobileEmulationEnabled: false, nativeEvents: true, networkConnectionEnabled: false, pageLoadStrategy: normal, platform: XP, platformName: XP, rotatable: false, setWindowRect: true, takesHeapSnapshot: true, takesScreenshot: true, unexpectedAlertBehaviour: ignore, unhandledPromptBehavior: ignore, version: 71.0.3578.98, webStorageEnabled: true}
Session ID: 9eac61de9cd3cb098614b50496a46357
at cucumber.api.testng.TestNGCucumberRunner.runCucumber(TestNGCucumberRunner.java:69)
at Demo_Framework.TestRunner.TC_2_createAnAccount.feature(TC_2_createAnAccount.java:46)
at sun.reflect.NativeMethodAccessorImpl.invoke0(Native Method)
at sun.reflect.NativeMethodAccessorImpl.invoke(Unknown Source)
at sun.reflect.DelegatingMethodAccessorImpl.invoke(Unknown Source)
at java.lang.reflect.Method.invoke(Unknown Source)
at org.testng.internal.MethodInvocationHelper.invokeMethod(MethodInvocationHelper.java:124)
at org.testng.internal.Invoker.invokeMethod(Invoker.java:580)
at org.testng.internal.Invoker.invokeTestMethod(Invoker.java:716)
at org.testng.internal.Invoker.invokeTestMethods(Invoker.java:988)
at org.testng.internal.TestMethodWorker.invokeTestMethods(TestMethodWorker.java:125)
at org.testng.internal.TestMethodWorker.run(TestMethodWorker.java:109)
at java.util.concurrent.ThreadPoolExecutor.runWorker(Unknown Source)
at java.util.concurrent.ThreadPoolExecutor$Worker.run(Unknown Source)
at java.lang.Thread.run(Unknown Source)
Caused by: org.openqa.selenium.WebDriverException: unknown error: Element <button id="go" class="btn btn-small" tabindex="-1" onclick="getRecords('masters/index/search/data?master=account', 1);">...</button> is not clickable at point (632, 92). Other element would receive the click: <div class="modalloader"></div>
  (Session info: chrome=71.0.3578.98)
  (Driver info: chromedriver=2.44.609538 (b655c5a60b0b544917107a59d4153d4bf78e1b90),platform=Windows NT 10.0.17134 x86_64) (WARNING: The server did not provide any stacktrace information)
Command duration or timeout: 0 milliseconds
Build info: version: '3.14.0', revision: 'aacccce0', time: '2018-08-02T20:19:58.91Z'
System info: host: 'DESKTOP-CIM2M57', ip: '172.18.4.49', os.name: 'Windows 10', os.arch: 'amd64', os.version: '10.0', java.version: '1.8.0_171'
Driver info: org.openqa.selenium.chrome.ChromeDriver
Capabilities {acceptInsecureCerts: false, acceptSslCerts: false, applicationCacheEnabled: false, browserConnectionEnabled: false, browserName: chrome, chrome: {chromedriverVersion: 2.44.609538 (b655c5a60b0b54..., userDataDir: C:\Users\partha.das\AppData...}, cssSelectorsEnabled: true, databaseEnabled: false, goog:chromeOptions: {debuggerAddress: localhost:53673}, handlesAlerts: true, hasTouchScreen: false, javascriptEnabled: true, locationContextEnabled: true, mobileEmulationEnabled: false, nativeEvents: true, networkConnectionEnabled: false, pageLoadStrategy: normal, platform: XP, platformName: XP, rotatable: false, setWindowRect: true, takesHeapSnapshot: true, takesScreenshot: true, unexpectedAlertBehaviour: ignore, unhandledPromptBehavior: ignore, version: 71.0.3578.98, webStorageEnabled: true}
Session ID: 9eac61de9cd3cb098614b50496a46357
at sun.reflect.NativeConstructorAccessorImpl.newInstance0(Native Method)
at sun.reflect.NativeConstructorAccessorImpl.newInstance(Unknown Source)
at sun.reflect.DelegatingConstructorAccessorImpl.newInstance(Unknown Source)
at java.lang.reflect.Constructor.newInstance(Unknown Source)
at org.openqa.selenium.remote.ErrorHandler.createThrowable(ErrorHandler.java:214)
at org.openqa.selenium.remote.ErrorHandler.throwIfResponseFailed(ErrorHandler.java:166)
at org.openqa.selenium.remote.http.JsonHttpResponseCodec.reconstructValue(JsonHttpResponseCodec.java:40)
at org.openqa.selenium.remote.http.AbstractHttpResponseCodec.decode(AbstractHttpResponseCodec.java:80)
at org.openqa.selenium.remote.http.AbstractHttpResponseCodec.decode(AbstractHttpResponseCodec.java:44)
at org.openqa.selenium.remote.HttpCommandExecutor.execute(HttpCommandExecutor.java:158)
at org.openqa.selenium.remote.service.DriverCommandExecutor.execute(DriverCommandExecutor.java:83)
at org.openqa.selenium.remote.RemoteWebDriver.execute(RemoteWebDriver.java:548)
at org.openqa.selenium.remote.RemoteWebElement.execute(RemoteWebElement.java:276)
at org.openqa.selenium.remote.RemoteWebElement.click(RemoteWebElement.java:83)
at sun.reflect.NativeMethodAccessorImpl.invoke0(Native Method)
at sun.reflect.NativeMethodAccessorImpl.invoke(Unknown Source)
at sun.reflect.DelegatingMethodAccessorImpl.invoke(Unknown Source)
at java.lang.reflect.Method.invoke(Unknown Source)
at org.openqa.selenium.support.pagefactory.internal.LocatingElementHandler.invoke(LocatingElementHandler.java:51)
at com.sun.proxy.$Proxy20.click(Unknown Source)
at com.assetvantage.pageObjectClass.accountsPage.viewCreatedAccount(accountsPage.java:275)
at com.assetvantage.StepDefination.createAnAccount_Assetvantage.verify_that_user_is_able_to_create_account(createAnAccount_Assetvantage.java:54)
at ✽.Then verify that user is able to create account(C:/Users/partha.das/git/BDDFrameworkForQA/demoBDDFramework/src/main/java/com/assetvantage/featureFile/createAccount.feature:7)
]]>
            </full-stacktrace>
          </exception> <!-- cucumber.runtime.CucumberException -->
          <reporter-output>
          </reporter-output>
        </test-method> <!-- feature -->
        <test-method status="PASS" signature="tearDownClass()[pri:0, instance:Demo_Framework.TestRunner.TC_2_createAnAccount@3d99d22e]" name="tearDownClass" is-config="true" duration-ms="1058" started-at="2018-12-17T18:56:24Z" finished-at="2018-12-17T18:56:26Z">
          <reporter-output>
          </reporter-output>
        </test-method> <!-- tearDownClass -->
      </class> <!-- Demo_Framework.TestRunner.TC_2_createAnAccount -->
    </test> <!-- Login and Update Profile Test1 -->
    <test name="Login and Update Profile Test2" duration-ms="190232" started-at="2018-12-17T18:57:57Z" finished-at="2018-12-17T19:01:07Z">
      <class name="Demo_Framework.TestRunner.TC_3_verify_WealthRegister_Report">
        <test-method status="PASS" signature="setUpClass(java.lang.String)[pri:0, instance:Demo_Framework.TestRunner.TC_3_verify_WealthRegister_Report@64729b1e]" name="setUpClass" is-config="true" duration-ms="46946" started-at="2018-12-17T18:59:33Z" finished-at="2018-12-17T19:00:20Z">
          <params>
            <param index="0">
              <value>
                <![CDATA[firefox]]>
              </value>
            </param>
          </params>
          <reporter-output>
          </reporter-output>
        </test-method> <!-- setUpClass -->
        <test-method status="PASS" signature="feature(cucumber.api.testng.CucumberFeatureWrapper)[pri:0, instance:Demo_Framework.TestRunner.TC_3_verify_WealthRegister_Report@64729b1e]" name="feature" duration-ms="17" started-at="2018-12-17T19:00:20Z" description="Check WR report" data-provider="features" finished-at="2018-12-17T19:00:20Z">
          <params>
            <param index="0">
              <value>
                <![CDATA[Verify the details with JSON which are displayed on wealth register page.]]>
              </value>
            </param>
          </params>
          <reporter-output>
          </reporter-output>
        </test-method> <!-- feature -->
        <test-method status="PASS" signature="tearDownClass()[pri:0, instance:Demo_Framework.TestRunner.TC_3_verify_WealthRegister_Report@64729b1e]" name="tearDownClass" is-config="true" duration-ms="259" started-at="2018-12-17T19:00:20Z" finished-at="2018-12-17T19:00:20Z">
          <reporter-output>
          </reporter-output>
        </test-method> <!-- tearDownClass -->
      </class> <!-- Demo_Framework.TestRunner.TC_3_verify_WealthRegister_Report -->
      <class name="Demo_Framework.TestRunner.TC_1_loginTest">
        <test-method status="PASS" signature="setUpClass(java.lang.String)[pri:0, instance:Demo_Framework.TestRunner.TC_1_loginTest@2d6eabae]" name="setUpClass" is-config="true" duration-ms="48062" started-at="2018-12-17T18:57:57Z" finished-at="2018-12-17T18:58:45Z">
          <params>
            <param index="0">
              <value>
                <![CDATA[firefox]]>
              </value>
            </param>
          </params>
          <reporter-output>
          </reporter-output>
        </test-method> <!-- setUpClass -->
        <test-method status="FAIL" signature="feature(cucumber.api.testng.CucumberFeatureWrapper)[pri:0, instance:Demo_Framework.TestRunner.TC_1_loginTest@2d6eabae]" name="feature" duration-ms="85" started-at="2018-12-17T18:58:45Z" description="Runs Cucumber Feature" data-provider="features" finished-at="2018-12-17T18:58:45Z">
          <params>
            <param index="0">
              <value>
                <![CDATA[Login to Asset Vantage portal]]>
              </value>
            </param>
          </params>
          <exception class="cucumber.runtime.CucumberException">
            <message>
              <![CDATA[org.openqa.selenium.NoSuchSessionException: Session ID is null. Using WebDriver after calling quit()?
Build info: version: '3.14.0', revision: 'aacccce0', time: '2018-08-02T20:19:58.91Z'
System info: host: 'DESKTOP-CIM2M57', ip: '172.18.4.49', os.name: 'Windows 10', os.arch: 'amd64', os.version: '10.0', java.version: '1.8.0_171'
Driver info: driver.version: RemoteWebDriver]]>
            </message>
            <full-stacktrace>
              <![CDATA[cucumber.runtime.CucumberException: org.openqa.selenium.NoSuchSessionException: Session ID is null. Using WebDriver after calling quit()?
Build info: version: '3.14.0', revision: 'aacccce0', time: '2018-08-02T20:19:58.91Z'
System info: host: 'DESKTOP-CIM2M57', ip: '172.18.4.49', os.name: 'Windows 10', os.arch: 'amd64', os.version: '10.0', java.version: '1.8.0_171'
Driver info: driver.version: RemoteWebDriver
at cucumber.api.testng.TestNGCucumberRunner.runCucumber(TestNGCucumberRunner.java:69)
at Demo_Framework.TestRunner.TC_1_loginTest.feature(TC_1_loginTest.java:47)
at sun.reflect.NativeMethodAccessorImpl.invoke0(Native Method)
at sun.reflect.NativeMethodAccessorImpl.invoke(Unknown Source)
at sun.reflect.DelegatingMethodAccessorImpl.invoke(Unknown Source)
at java.lang.reflect.Method.invoke(Unknown Source)
at org.testng.internal.MethodInvocationHelper.invokeMethod(MethodInvocationHelper.java:124)
at org.testng.internal.Invoker.invokeMethod(Invoker.java:580)
at org.testng.internal.Invoker.invokeTestMethod(Invoker.java:716)
at org.testng.internal.Invoker.invokeTestMethods(Invoker.java:988)
at org.testng.internal.TestMethodWorker.invokeTestMethods(TestMethodWorker.java:125)
at org.testng.internal.TestMethodWorker.run(TestMethodWorker.java:109)
at java.util.concurrent.ThreadPoolExecutor.runWorker(Unknown Source)
at java.util.concurrent.ThreadPoolExecutor$Worker.run(Unknown Source)
at java.lang.Thread.run(Unknown Source)
Caused by: org.openqa.selenium.NoSuchSessionException: Session ID is null. Using WebDriver after calling quit()?
Build info: version: '3.14.0', revision: 'aacccce0', time: '2018-08-02T20:19:58.91Z'
System info: host: 'DESKTOP-CIM2M57', ip: '172.18.4.49', os.name: 'Windows 10', os.arch: 'amd64', os.version: '10.0', java.version: '1.8.0_171'
Driver info: driver.version: RemoteWebDriver
at org.openqa.selenium.remote.HttpCommandExecutor.execute(HttpCommandExecutor.java:125)
at org.openqa.selenium.remote.service.DriverCommandExecutor.execute(DriverCommandExecutor.java:83)
at org.openqa.selenium.remote.RemoteWebDriver.execute(RemoteWebDriver.java:548)
at org.openqa.selenium.remote.RemoteWebDriver.findElement(RemoteWebDriver.java:322)
at org.openqa.selenium.remote.RemoteWebDriver.findElementById(RemoteWebDriver.java:368)
at org.openqa.selenium.By$ById.findElement(By.java:188)
at org.openqa.selenium.remote.RemoteWebDriver.findElement(RemoteWebDriver.java:314)
at org.openqa.selenium.support.pagefactory.DefaultElementLocator.findElement(DefaultElementLocator.java:69)
at org.openqa.selenium.support.pagefactory.internal.LocatingElementHandler.invoke(LocatingElementHandler.java:38)
at com.sun.proxy.$Proxy20.sendKeys(Unknown Source)
at com.assetvantage.pageObjectClass.logInPage.loginToApp(logInPage.java:65)
at com.assetvantage.StepDefination.loginTo_AssetVantage.loginWithCredentials(loginTo_AssetVantage.java:40)
at ✽.When user throws "ravi.prakash" and "user@123" and click on Login button(D:/EclipseWorkspace/demoBDDFramework/src/main/java/com/assetvantage/featureFile/logIn.feature:6)
]]>
            </full-stacktrace>
          </exception> <!-- cucumber.runtime.CucumberException -->
          <reporter-output>
          </reporter-output>
        </test-method> <!-- feature -->
        <test-method status="PASS" signature="tearDownClass()[pri:0, instance:Demo_Framework.TestRunner.TC_1_loginTest@2d6eabae]" name="tearDownClass" is-config="true" duration-ms="275" started-at="2018-12-17T18:58:45Z" finished-at="2018-12-17T18:58:45Z">
          <reporter-output>
          </reporter-output>
        </test-method> <!-- tearDownClass -->
      </class> <!-- Demo_Framework.TestRunner.TC_1_loginTest -->
      <class name="Demo_Framework.TestRunner.TC_4_verify_balanceSheet_report">
        <test-method status="PASS" signature="setUpClass(java.lang.String)[pri:0, instance:Demo_Framework.TestRunner.TC_4_verify_balanceSheet_report@10bbd20a]" name="setUpClass" is-config="true" duration-ms="46956" started-at="2018-12-17T19:00:20Z" finished-at="2018-12-17T19:01:07Z">
          <params>
            <param index="0">
              <value>
                <![CDATA[firefox]]>
              </value>
            </param>
          </params>
          <reporter-output>
          </reporter-output>
        </test-method> <!-- setUpClass -->
        <test-method status="FAIL" signature="feature(cucumber.api.testng.CucumberFeatureWrapper)[pri:0, instance:Demo_Framework.TestRunner.TC_4_verify_balanceSheet_report@10bbd20a]" name="feature" duration-ms="38" started-at="2018-12-17T19:01:07Z" description="Check balanceSheet report" data-provider="features" finished-at="2018-12-17T19:01:07Z">
          <params>
            <param index="0">
              <value>
                <![CDATA[Verify the details with JSON which are displayed on wealth register page.]]>
              </value>
            </param>
          </params>
          <exception class="cucumber.runtime.CucumberException">
            <message>
              <![CDATA[org.openqa.selenium.NoSuchSessionException: Session ID is null. Using WebDriver after calling quit()?
Build info: version: '3.14.0', revision: 'aacccce0', time: '2018-08-02T20:19:58.91Z'
System info: host: 'DESKTOP-CIM2M57', ip: '172.18.4.49', os.name: 'Windows 10', os.arch: 'amd64', os.version: '10.0', java.version: '1.8.0_171'
Driver info: driver.version: RemoteWebDriver]]>
            </message>
            <full-stacktrace>
              <![CDATA[cucumber.runtime.CucumberException: org.openqa.selenium.NoSuchSessionException: Session ID is null. Using WebDriver after calling quit()?
Build info: version: '3.14.0', revision: 'aacccce0', time: '2018-08-02T20:19:58.91Z'
System info: host: 'DESKTOP-CIM2M57', ip: '172.18.4.49', os.name: 'Windows 10', os.arch: 'amd64', os.version: '10.0', java.version: '1.8.0_171'
Driver info: driver.version: RemoteWebDriver
at cucumber.api.testng.TestNGCucumberRunner.runCucumber(TestNGCucumberRunner.java:69)
at Demo_Framework.TestRunner.TC_4_verify_balanceSheet_report.feature(TC_4_verify_balanceSheet_report.java:46)
at sun.reflect.NativeMethodAccessorImpl.invoke0(Native Method)
at sun.reflect.NativeMethodAccessorImpl.invoke(Unknown Source)
at sun.reflect.DelegatingMethodAccessorImpl.invoke(Unknown Source)
at java.lang.reflect.Method.invoke(Unknown Source)
at org.testng.internal.MethodInvocationHelper.invokeMethod(MethodInvocationHelper.java:124)
at org.testng.internal.Invoker.invokeMethod(Invoker.java:580)
at org.testng.internal.Invoker.invokeTestMethod(Invoker.java:716)
at org.testng.internal.Invoker.invokeTestMethods(Invoker.java:988)
at org.testng.internal.TestMethodWorker.invokeTestMethods(TestMethodWorker.java:125)
at org.testng.internal.TestMethodWorker.run(TestMethodWorker.java:109)
at java.util.concurrent.ThreadPoolExecutor.runWorker(Unknown Source)
at java.util.concurrent.ThreadPoolExecutor$Worker.run(Unknown Source)
at java.lang.Thread.run(Unknown Source)
Caused by: org.openqa.selenium.NoSuchSessionException: Session ID is null. Using WebDriver after calling quit()?
Build info: version: '3.14.0', revision: 'aacccce0', time: '2018-08-02T20:19:58.91Z'
System info: host: 'DESKTOP-CIM2M57', ip: '172.18.4.49', os.name: 'Windows 10', os.arch: 'amd64', os.version: '10.0', java.version: '1.8.0_171'
Driver info: driver.version: RemoteWebDriver
at org.openqa.selenium.remote.HttpCommandExecutor.execute(HttpCommandExecutor.java:125)
at org.openqa.selenium.remote.service.DriverCommandExecutor.execute(DriverCommandExecutor.java:83)
at org.openqa.selenium.remote.RemoteWebDriver.execute(RemoteWebDriver.java:548)
at org.openqa.selenium.remote.RemoteWebDriver.findElement(RemoteWebDriver.java:322)
at org.openqa.selenium.remote.RemoteWebDriver.findElementById(RemoteWebDriver.java:368)
at org.openqa.selenium.By$ById.findElement(By.java:188)
at org.openqa.selenium.remote.RemoteWebDriver.findElement(RemoteWebDriver.java:314)
at org.openqa.selenium.support.pagefactory.DefaultElementLocator.findElement(DefaultElementLocator.java:69)
at org.openqa.selenium.support.pagefactory.internal.LocatingElementHandler.invoke(LocatingElementHandler.java:38)
at com.sun.proxy.$Proxy20.sendKeys(Unknown Source)
at com.assetvantage.pageObjectClass.logInPage.loginToApp(logInPage.java:65)
at com.assetvantage.StepDefination.balanceSheetVerification_Assetvantage.loginToPortal(balanceSheetVerification_Assetvantage.java:34)
at ✽.Given user is logged into portal with "ravi.prakash" and "user@123"(C:/Users/partha.das/git/BDDFrameworkForQA/demoBDDFramework/src/main/java/com/assetvantage/featureFile/balanceSheetVerification.feature:5)
]]>
            </full-stacktrace>
          </exception> <!-- cucumber.runtime.CucumberException -->
          <reporter-output>
          </reporter-output>
        </test-method> <!-- feature -->
        <test-method status="PASS" signature="tearDownClass()[pri:0, instance:Demo_Framework.TestRunner.TC_4_verify_balanceSheet_report@10bbd20a]" name="tearDownClass" is-config="true" duration-ms="316" started-at="2018-12-17T19:01:07Z" finished-at="2018-12-17T19:01:07Z">
          <reporter-output>
          </reporter-output>
        </test-method> <!-- tearDownClass -->
      </class> <!-- Demo_Framework.TestRunner.TC_4_verify_balanceSheet_report -->
      <class name="Demo_Framework.TestRunner.TC_2_createAnAccount">
        <test-method status="PASS" signature="setUpClass(java.lang.String)[pri:0, instance:Demo_Framework.TestRunner.TC_2_createAnAccount@4e7dc304]" name="setUpClass" is-config="true" duration-ms="47012" started-at="2018-12-17T18:58:45Z" finished-at="2018-12-17T18:59:32Z">
          <params>
            <param index="0">
              <value>
                <![CDATA[firefox]]>
              </value>
            </param>
          </params>
          <reporter-output>
          </reporter-output>
        </test-method> <!-- setUpClass -->
        <test-method status="FAIL" signature="feature(cucumber.api.testng.CucumberFeatureWrapper)[pri:0, instance:Demo_Framework.TestRunner.TC_2_createAnAccount@4e7dc304]" name="feature" duration-ms="43" started-at="2018-12-17T18:59:32Z" description="Runs Cucumber Feature" data-provider="features" finished-at="2018-12-17T18:59:32Z">
          <params>
            <param index="0">
              <value>
                <![CDATA[Create an account in Assetvantage portal]]>
              </value>
            </param>
          </params>
          <exception class="cucumber.runtime.CucumberException">
            <message>
              <![CDATA[org.openqa.selenium.NoSuchSessionException: Session ID is null. Using WebDriver after calling quit()?
Build info: version: '3.14.0', revision: 'aacccce0', time: '2018-08-02T20:19:58.91Z'
System info: host: 'DESKTOP-CIM2M57', ip: '172.18.4.49', os.name: 'Windows 10', os.arch: 'amd64', os.version: '10.0', java.version: '1.8.0_171'
Driver info: driver.version: RemoteWebDriver]]>
            </message>
            <full-stacktrace>
              <![CDATA[cucumber.runtime.CucumberException: org.openqa.selenium.NoSuchSessionException: Session ID is null. Using WebDriver after calling quit()?
Build info: version: '3.14.0', revision: 'aacccce0', time: '2018-08-02T20:19:58.91Z'
System info: host: 'DESKTOP-CIM2M57', ip: '172.18.4.49', os.name: 'Windows 10', os.arch: 'amd64', os.version: '10.0', java.version: '1.8.0_171'
Driver info: driver.version: RemoteWebDriver
at cucumber.api.testng.TestNGCucumberRunner.runCucumber(TestNGCucumberRunner.java:69)
at Demo_Framework.TestRunner.TC_2_createAnAccount.feature(TC_2_createAnAccount.java:46)
at sun.reflect.NativeMethodAccessorImpl.invoke0(Native Method)
at sun.reflect.NativeMethodAccessorImpl.invoke(Unknown Source)
at sun.reflect.DelegatingMethodAccessorImpl.invoke(Unknown Source)
at java.lang.reflect.Method.invoke(Unknown Source)
at org.testng.internal.MethodInvocationHelper.invokeMethod(MethodInvocationHelper.java:124)
at org.testng.internal.Invoker.invokeMethod(Invoker.java:580)
at org.testng.internal.Invoker.invokeTestMethod(Invoker.java:716)
at org.testng.internal.Invoker.invokeTestMethods(Invoker.java:988)
at org.testng.internal.TestMethodWorker.invokeTestMethods(TestMethodWorker.java:125)
at org.testng.internal.TestMethodWorker.run(TestMethodWorker.java:109)
at java.util.concurrent.ThreadPoolExecutor.runWorker(Unknown Source)
at java.util.concurrent.ThreadPoolExecutor$Worker.run(Unknown Source)
at java.lang.Thread.run(Unknown Source)
Caused by: org.openqa.selenium.NoSuchSessionException: Session ID is null. Using WebDriver after calling quit()?
Build info: version: '3.14.0', revision: 'aacccce0', time: '2018-08-02T20:19:58.91Z'
System info: host: 'DESKTOP-CIM2M57', ip: '172.18.4.49', os.name: 'Windows 10', os.arch: 'amd64', os.version: '10.0', java.version: '1.8.0_171'
Driver info: driver.version: RemoteWebDriver
at org.openqa.selenium.remote.HttpCommandExecutor.execute(HttpCommandExecutor.java:125)
at org.openqa.selenium.remote.service.DriverCommandExecutor.execute(DriverCommandExecutor.java:83)
at org.openqa.selenium.remote.RemoteWebDriver.execute(RemoteWebDriver.java:548)
at org.openqa.selenium.remote.RemoteWebDriver.findElement(RemoteWebDriver.java:322)
at org.openqa.selenium.remote.RemoteWebDriver.findElementById(RemoteWebDriver.java:368)
at org.openqa.selenium.By$ById.findElement(By.java:188)
at org.openqa.selenium.remote.RemoteWebDriver.findElement(RemoteWebDriver.java:314)
at org.openqa.selenium.support.pagefactory.DefaultElementLocator.findElement(DefaultElementLocator.java:69)
at org.openqa.selenium.support.pagefactory.internal.LocatingElementHandler.invoke(LocatingElementHandler.java:38)
at com.sun.proxy.$Proxy20.sendKeys(Unknown Source)
at com.assetvantage.pageObjectClass.logInPage.loginToApp(logInPage.java:65)
at com.assetvantage.StepDefination.createAnAccount_Assetvantage.user_is_able_to_login(createAnAccount_Assetvantage.java:35)
at ✽.Given user is able to login with "ravi.prakash" and "user@123"(C:/Users/partha.das/git/BDDFrameworkForQA/demoBDDFramework/src/main/java/com/assetvantage/featureFile/createAccount.feature:5)
]]>
            </full-stacktrace>
          </exception> <!-- cucumber.runtime.CucumberException -->
          <reporter-output>
          </reporter-output>
        </test-method> <!-- feature -->
        <test-method status="PASS" signature="tearDownClass()[pri:0, instance:Demo_Framework.TestRunner.TC_2_createAnAccount@4e7dc304]" name="tearDownClass" is-config="true" duration-ms="185" started-at="2018-12-17T18:59:32Z" finished-at="2018-12-17T18:59:33Z">
          <reporter-output>
          </reporter-output>
        </test-method> <!-- tearDownClass -->
      </class> <!-- Demo_Framework.TestRunner.TC_2_createAnAccount -->
    </test> <!-- Login and Update Profile Test2 -->
    <test name="Login and Update Profile Test3" duration-ms="18030" started-at="2018-12-17T19:01:07Z" finished-at="2018-12-17T19:01:25Z">
      <class name="Demo_Framework.TestRunner.TC_1_loginTest">
        <test-method status="PASS" signature="setUpClass(java.lang.String)[pri:0, instance:Demo_Framework.TestRunner.TC_1_loginTest@396f6598]" name="setUpClass" is-config="true" duration-ms="3954" started-at="2018-12-17T19:01:07Z" finished-at="2018-12-17T19:01:11Z">
          <params>
            <param index="0">
              <value>
                <![CDATA[IE]]>
              </value>
            </param>
          </params>
          <reporter-output>
          </reporter-output>
        </test-method> <!-- setUpClass -->
        <test-method status="FAIL" signature="feature(cucumber.api.testng.CucumberFeatureWrapper)[pri:0, instance:Demo_Framework.TestRunner.TC_1_loginTest@396f6598]" name="feature" duration-ms="793" started-at="2018-12-17T19:01:11Z" description="Runs Cucumber Feature" data-provider="features" finished-at="2018-12-17T19:01:12Z">
          <params>
            <param index="0">
              <value>
                <![CDATA[Login to Asset Vantage portal]]>
              </value>
            </param>
          </params>
          <exception class="cucumber.runtime.CucumberException">
            <message>
              <![CDATA[org.openqa.selenium.NoSuchElementException: No such element (WARNING: The server did not provide any stacktrace information)
Command duration or timeout: 0 milliseconds
For documentation on this error, please visit: http://seleniumhq.org/exceptions/no_such_element.html
Build info: version: '3.14.0', revision: 'aacccce0', time: '2018-08-02T20:19:58.91Z'
System info: host: 'DESKTOP-CIM2M57', ip: '172.18.4.49', os.name: 'Windows 10', os.arch: 'amd64', os.version: '10.0', java.version: '1.8.0_171'
Driver info: org.openqa.selenium.edge.EdgeDriver
Capabilities {InPrivate: false, acceptSslCerts: true, applicationCacheEnabled: true, browserName: MicrosoftEdge, browserVersion: 42.17134.1.0, javascriptEnabled: true, locationContextEnabled: true, pageLoadStrategy: normal, platform: WINDOWS, platformName: WINDOWS, platformVersion: 10, takesElementScreenshot: true, takesScreenshot: true, webStorageEnabled: true}
Session ID: DC7EA178-AF2C-44F2-96B8-AAC5B79B8473
*** Element info: {Using=name, value=password}]]>
            </message>
            <full-stacktrace>
              <![CDATA[cucumber.runtime.CucumberException: org.openqa.selenium.NoSuchElementException: No such element (WARNING: The server did not provide any stacktrace information)
Command duration or timeout: 0 milliseconds
For documentation on this error, please visit: http://seleniumhq.org/exceptions/no_such_element.html
Build info: version: '3.14.0', revision: 'aacccce0', time: '2018-08-02T20:19:58.91Z'
System info: host: 'DESKTOP-CIM2M57', ip: '172.18.4.49', os.name: 'Windows 10', os.arch: 'amd64', os.version: '10.0', java.version: '1.8.0_171'
Driver info: org.openqa.selenium.edge.EdgeDriver
Capabilities {InPrivate: false, acceptSslCerts: true, applicationCacheEnabled: true, browserName: MicrosoftEdge, browserVersion: 42.17134.1.0, javascriptEnabled: true, locationContextEnabled: true, pageLoadStrategy: normal, platform: WINDOWS, platformName: WINDOWS, platformVersion: 10, takesElementScreenshot: true, takesScreenshot: true, webStorageEnabled: true}
Session ID: DC7EA178-AF2C-44F2-96B8-AAC5B79B8473
*** Element info: {Using=name, value=password}
at cucumber.api.testng.TestNGCucumberRunner.runCucumber(TestNGCucumberRunner.java:69)
at Demo_Framework.TestRunner.TC_1_loginTest.feature(TC_1_loginTest.java:47)
at sun.reflect.NativeMethodAccessorImpl.invoke0(Native Method)
at sun.reflect.NativeMethodAccessorImpl.invoke(Unknown Source)
at sun.reflect.DelegatingMethodAccessorImpl.invoke(Unknown Source)
at java.lang.reflect.Method.invoke(Unknown Source)
at org.testng.internal.MethodInvocationHelper.invokeMethod(MethodInvocationHelper.java:124)
at org.testng.internal.Invoker.invokeMethod(Invoker.java:580)
at org.testng.internal.Invoker.invokeTestMethod(Invoker.java:716)
at org.testng.internal.Invoker.invokeTestMethods(Invoker.java:988)
at org.testng.internal.TestMethodWorker.invokeTestMethods(TestMethodWorker.java:125)
at org.testng.internal.TestMethodWorker.run(TestMethodWorker.java:109)
at java.util.concurrent.ThreadPoolExecutor.runWorker(Unknown Source)
at java.util.concurrent.ThreadPoolExecutor$Worker.run(Unknown Source)
at java.lang.Thread.run(Unknown Source)
Caused by: org.openqa.selenium.NoSuchElementException: No such element (WARNING: The server did not provide any stacktrace information)
Command duration or timeout: 0 milliseconds
For documentation on this error, please visit: http://seleniumhq.org/exceptions/no_such_element.html
Build info: version: '3.14.0', revision: 'aacccce0', time: '2018-08-02T20:19:58.91Z'
System info: host: 'DESKTOP-CIM2M57', ip: '172.18.4.49', os.name: 'Windows 10', os.arch: 'amd64', os.version: '10.0', java.version: '1.8.0_171'
Driver info: org.openqa.selenium.edge.EdgeDriver
Capabilities {InPrivate: false, acceptSslCerts: true, applicationCacheEnabled: true, browserName: MicrosoftEdge, browserVersion: 42.17134.1.0, javascriptEnabled: true, locationContextEnabled: true, pageLoadStrategy: normal, platform: WINDOWS, platformName: WINDOWS, platformVersion: 10, takesElementScreenshot: true, takesScreenshot: true, webStorageEnabled: true}
Session ID: DC7EA178-AF2C-44F2-96B8-AAC5B79B8473
*** Element info: {Using=name, value=password}
at sun.reflect.NativeConstructorAccessorImpl.newInstance0(Native Method)
at sun.reflect.NativeConstructorAccessorImpl.newInstance(Unknown Source)
at sun.reflect.DelegatingConstructorAccessorImpl.newInstance(Unknown Source)
at java.lang.reflect.Constructor.newInstance(Unknown Source)
at org.openqa.selenium.remote.ErrorHandler.createThrowable(ErrorHandler.java:214)
at org.openqa.selenium.remote.ErrorHandler.throwIfResponseFailed(ErrorHandler.java:166)
at org.openqa.selenium.remote.http.JsonHttpResponseCodec.reconstructValue(JsonHttpResponseCodec.java:40)
at org.openqa.selenium.remote.http.AbstractHttpResponseCodec.decode(AbstractHttpResponseCodec.java:80)
at org.openqa.selenium.remote.http.AbstractHttpResponseCodec.decode(AbstractHttpResponseCodec.java:44)
at org.openqa.selenium.remote.HttpCommandExecutor.execute(HttpCommandExecutor.java:158)
at org.openqa.selenium.remote.service.DriverCommandExecutor.execute(DriverCommandExecutor.java:83)
at org.openqa.selenium.remote.RemoteWebDriver.execute(RemoteWebDriver.java:548)
at org.openqa.selenium.remote.RemoteWebDriver.findElement(RemoteWebDriver.java:322)
at org.openqa.selenium.remote.RemoteWebDriver.findElementByName(RemoteWebDriver.java:400)
at org.openqa.selenium.By$ByName.findElement(By.java:284)
at org.openqa.selenium.remote.RemoteWebDriver.findElement(RemoteWebDriver.java:314)
at org.openqa.selenium.support.pagefactory.DefaultElementLocator.findElement(DefaultElementLocator.java:69)
at org.openqa.selenium.support.pagefactory.internal.LocatingElementHandler.invoke(LocatingElementHandler.java:38)
at com.sun.proxy.$Proxy20.sendKeys(Unknown Source)
at com.assetvantage.pageObjectClass.logInPage.loginToApp(logInPage.java:67)
at com.assetvantage.StepDefination.loginTo_AssetVantage.loginWithCredentials(loginTo_AssetVantage.java:40)
at ✽.When user throws "ravi.prakash" and "user@123" and click on Login button(D:/EclipseWorkspace/demoBDDFramework/src/main/java/com/assetvantage/featureFile/logIn.feature:6)
]]>
            </full-stacktrace>
          </exception> <!-- cucumber.runtime.CucumberException -->
          <reporter-output>
          </reporter-output>
        </test-method> <!-- feature -->
        <test-method status="PASS" signature="tearDownClass()[pri:0, instance:Demo_Framework.TestRunner.TC_1_loginTest@396f6598]" name="tearDownClass" is-config="true" duration-ms="1420" started-at="2018-12-17T19:01:12Z" finished-at="2018-12-17T19:01:13Z">
          <reporter-output>
          </reporter-output>
        </test-method> <!-- tearDownClass -->
      </class> <!-- Demo_Framework.TestRunner.TC_1_loginTest -->
      <class name="Demo_Framework.TestRunner.TC_4_verify_balanceSheet_report">
        <test-method status="PASS" signature="setUpClass(java.lang.String)[pri:0, instance:Demo_Framework.TestRunner.TC_4_verify_balanceSheet_report@1d29cf23]" name="setUpClass" is-config="true" duration-ms="2282" started-at="2018-12-17T19:01:21Z" finished-at="2018-12-17T19:01:23Z">
          <params>
            <param index="0">
              <value>
                <![CDATA[IE]]>
              </value>
            </param>
          </params>
          <reporter-output>
          </reporter-output>
        </test-method> <!-- setUpClass -->
        <test-method status="FAIL" signature="feature(cucumber.api.testng.CucumberFeatureWrapper)[pri:0, instance:Demo_Framework.TestRunner.TC_4_verify_balanceSheet_report@1d29cf23]" name="feature" duration-ms="619" started-at="2018-12-17T19:01:23Z" description="Check balanceSheet report" data-provider="features" finished-at="2018-12-17T19:01:24Z">
          <params>
            <param index="0">
              <value>
                <![CDATA[Verify the details with JSON which are displayed on wealth register page.]]>
              </value>
            </param>
          </params>
          <exception class="cucumber.runtime.CucumberException">
            <message>
              <![CDATA[org.openqa.selenium.NoSuchElementException: No such element (WARNING: The server did not provide any stacktrace information)
Command duration or timeout: 0 milliseconds
For documentation on this error, please visit: http://seleniumhq.org/exceptions/no_such_element.html
Build info: version: '3.14.0', revision: 'aacccce0', time: '2018-08-02T20:19:58.91Z'
System info: host: 'DESKTOP-CIM2M57', ip: '172.18.4.49', os.name: 'Windows 10', os.arch: 'amd64', os.version: '10.0', java.version: '1.8.0_171'
Driver info: org.openqa.selenium.edge.EdgeDriver
Capabilities {InPrivate: false, acceptSslCerts: true, applicationCacheEnabled: true, browserName: MicrosoftEdge, browserVersion: 42.17134.1.0, javascriptEnabled: true, locationContextEnabled: true, pageLoadStrategy: normal, platform: WINDOWS, platformName: WINDOWS, platformVersion: 10, takesElementScreenshot: true, takesScreenshot: true, webStorageEnabled: true}
Session ID: 178545DF-6D8E-4A54-9711-78F0CC51F406
*** Element info: {Using=name, value=password}]]>
            </message>
            <full-stacktrace>
              <![CDATA[cucumber.runtime.CucumberException: org.openqa.selenium.NoSuchElementException: No such element (WARNING: The server did not provide any stacktrace information)
Command duration or timeout: 0 milliseconds
For documentation on this error, please visit: http://seleniumhq.org/exceptions/no_such_element.html
Build info: version: '3.14.0', revision: 'aacccce0', time: '2018-08-02T20:19:58.91Z'
System info: host: 'DESKTOP-CIM2M57', ip: '172.18.4.49', os.name: 'Windows 10', os.arch: 'amd64', os.version: '10.0', java.version: '1.8.0_171'
Driver info: org.openqa.selenium.edge.EdgeDriver
Capabilities {InPrivate: false, acceptSslCerts: true, applicationCacheEnabled: true, browserName: MicrosoftEdge, browserVersion: 42.17134.1.0, javascriptEnabled: true, locationContextEnabled: true, pageLoadStrategy: normal, platform: WINDOWS, platformName: WINDOWS, platformVersion: 10, takesElementScreenshot: true, takesScreenshot: true, webStorageEnabled: true}
Session ID: 178545DF-6D8E-4A54-9711-78F0CC51F406
*** Element info: {Using=name, value=password}
at cucumber.api.testng.TestNGCucumberRunner.runCucumber(TestNGCucumberRunner.java:69)
at Demo_Framework.TestRunner.TC_4_verify_balanceSheet_report.feature(TC_4_verify_balanceSheet_report.java:46)
at sun.reflect.NativeMethodAccessorImpl.invoke0(Native Method)
at sun.reflect.NativeMethodAccessorImpl.invoke(Unknown Source)
at sun.reflect.DelegatingMethodAccessorImpl.invoke(Unknown Source)
at java.lang.reflect.Method.invoke(Unknown Source)
at org.testng.internal.MethodInvocationHelper.invokeMethod(MethodInvocationHelper.java:124)
at org.testng.internal.Invoker.invokeMethod(Invoker.java:580)
at org.testng.internal.Invoker.invokeTestMethod(Invoker.java:716)
at org.testng.internal.Invoker.invokeTestMethods(Invoker.java:988)
at org.testng.internal.TestMethodWorker.invokeTestMethods(TestMethodWorker.java:125)
at org.testng.internal.TestMethodWorker.run(TestMethodWorker.java:109)
at java.util.concurrent.ThreadPoolExecutor.runWorker(Unknown Source)
at java.util.concurrent.ThreadPoolExecutor$Worker.run(Unknown Source)
at java.lang.Thread.run(Unknown Source)
Caused by: org.openqa.selenium.NoSuchElementException: No such element (WARNING: The server did not provide any stacktrace information)
Command duration or timeout: 0 milliseconds
For documentation on this error, please visit: http://seleniumhq.org/exceptions/no_such_element.html
Build info: version: '3.14.0', revision: 'aacccce0', time: '2018-08-02T20:19:58.91Z'
System info: host: 'DESKTOP-CIM2M57', ip: '172.18.4.49', os.name: 'Windows 10', os.arch: 'amd64', os.version: '10.0', java.version: '1.8.0_171'
Driver info: org.openqa.selenium.edge.EdgeDriver
Capabilities {InPrivate: false, acceptSslCerts: true, applicationCacheEnabled: true, browserName: MicrosoftEdge, browserVersion: 42.17134.1.0, javascriptEnabled: true, locationContextEnabled: true, pageLoadStrategy: normal, platform: WINDOWS, platformName: WINDOWS, platformVersion: 10, takesElementScreenshot: true, takesScreenshot: true, webStorageEnabled: true}
Session ID: 178545DF-6D8E-4A54-9711-78F0CC51F406
*** Element info: {Using=name, value=password}
at sun.reflect.NativeConstructorAccessorImpl.newInstance0(Native Method)
at sun.reflect.NativeConstructorAccessorImpl.newInstance(Unknown Source)
at sun.reflect.DelegatingConstructorAccessorImpl.newInstance(Unknown Source)
at java.lang.reflect.Constructor.newInstance(Unknown Source)
at org.openqa.selenium.remote.ErrorHandler.createThrowable(ErrorHandler.java:214)
at org.openqa.selenium.remote.ErrorHandler.throwIfResponseFailed(ErrorHandler.java:166)
at org.openqa.selenium.remote.http.JsonHttpResponseCodec.reconstructValue(JsonHttpResponseCodec.java:40)
at org.openqa.selenium.remote.http.AbstractHttpResponseCodec.decode(AbstractHttpResponseCodec.java:80)
at org.openqa.selenium.remote.http.AbstractHttpResponseCodec.decode(AbstractHttpResponseCodec.java:44)
at org.openqa.selenium.remote.HttpCommandExecutor.execute(HttpCommandExecutor.java:158)
at org.openqa.selenium.remote.service.DriverCommandExecutor.execute(DriverCommandExecutor.java:83)
at org.openqa.selenium.remote.RemoteWebDriver.execute(RemoteWebDriver.java:548)
at org.openqa.selenium.remote.RemoteWebDriver.findElement(RemoteWebDriver.java:322)
at org.openqa.selenium.remote.RemoteWebDriver.findElementByName(RemoteWebDriver.java:400)
at org.openqa.selenium.By$ByName.findElement(By.java:284)
at org.openqa.selenium.remote.RemoteWebDriver.findElement(RemoteWebDriver.java:314)
at org.openqa.selenium.support.pagefactory.DefaultElementLocator.findElement(DefaultElementLocator.java:69)
at org.openqa.selenium.support.pagefactory.internal.LocatingElementHandler.invoke(LocatingElementHandler.java:38)
at com.sun.proxy.$Proxy20.sendKeys(Unknown Source)
at com.assetvantage.pageObjectClass.logInPage.loginToApp(logInPage.java:67)
at com.assetvantage.StepDefination.balanceSheetVerification_Assetvantage.loginToPortal(balanceSheetVerification_Assetvantage.java:34)
at ✽.Given user is logged into portal with "ravi.prakash" and "user@123"(C:/Users/partha.das/git/BDDFrameworkForQA/demoBDDFramework/src/main/java/com/assetvantage/featureFile/balanceSheetVerification.feature:5)
]]>
            </full-stacktrace>
          </exception> <!-- cucumber.runtime.CucumberException -->
          <reporter-output>
          </reporter-output>
        </test-method> <!-- feature -->
        <test-method status="PASS" signature="tearDownClass()[pri:0, instance:Demo_Framework.TestRunner.TC_4_verify_balanceSheet_report@1d29cf23]" name="tearDownClass" is-config="true" duration-ms="1319" started-at="2018-12-17T19:01:24Z" finished-at="2018-12-17T19:01:25Z">
          <reporter-output>
          </reporter-output>
        </test-method> <!-- tearDownClass -->
      </class> <!-- Demo_Framework.TestRunner.TC_4_verify_balanceSheet_report -->
      <class name="Demo_Framework.TestRunner.TC_3_verify_WealthRegister_Report">
        <test-method status="PASS" signature="setUpClass(java.lang.String)[pri:0, instance:Demo_Framework.TestRunner.TC_3_verify_WealthRegister_Report@27a5f880]" name="setUpClass" is-config="true" duration-ms="2026" started-at="2018-12-17T19:01:18Z" finished-at="2018-12-17T19:01:20Z">
          <params>
            <param index="0">
              <value>
                <![CDATA[IE]]>
              </value>
            </param>
          </params>
          <reporter-output>
          </reporter-output>
        </test-method> <!-- setUpClass -->
        <test-method status="PASS" signature="feature(cucumber.api.testng.CucumberFeatureWrapper)[pri:0, instance:Demo_Framework.TestRunner.TC_3_verify_WealthRegister_Report@27a5f880]" name="feature" duration-ms="15" started-at="2018-12-17T19:01:20Z" description="Check WR report" data-provider="features" finished-at="2018-12-17T19:01:20Z">
          <params>
            <param index="0">
              <value>
                <![CDATA[Verify the details with JSON which are displayed on wealth register page.]]>
              </value>
            </param>
          </params>
          <reporter-output>
          </reporter-output>
        </test-method> <!-- feature -->
        <test-method status="PASS" signature="tearDownClass()[pri:0, instance:Demo_Framework.TestRunner.TC_3_verify_WealthRegister_Report@27a5f880]" name="tearDownClass" is-config="true" duration-ms="1458" started-at="2018-12-17T19:01:20Z" finished-at="2018-12-17T19:01:21Z">
          <reporter-output>
          </reporter-output>
        </test-method> <!-- tearDownClass -->
      </class> <!-- Demo_Framework.TestRunner.TC_3_verify_WealthRegister_Report -->
      <class name="Demo_Framework.TestRunner.TC_2_createAnAccount">
        <test-method status="PASS" signature="setUpClass(java.lang.String)[pri:0, instance:Demo_Framework.TestRunner.TC_2_createAnAccount@394e1a0f]" name="setUpClass" is-config="true" duration-ms="2270" started-at="2018-12-17T19:01:13Z" finished-at="2018-12-17T19:01:16Z">
          <params>
            <param index="0">
              <value>
                <![CDATA[IE]]>
              </value>
            </param>
          </params>
          <reporter-output>
          </reporter-output>
        </test-method> <!-- setUpClass -->
        <test-method status="FAIL" signature="feature(cucumber.api.testng.CucumberFeatureWrapper)[pri:0, instance:Demo_Framework.TestRunner.TC_2_createAnAccount@394e1a0f]" name="feature" duration-ms="536" started-at="2018-12-17T19:01:16Z" description="Runs Cucumber Feature" data-provider="features" finished-at="2018-12-17T19:01:16Z">
          <params>
            <param index="0">
              <value>
                <![CDATA[Create an account in Assetvantage portal]]>
              </value>
            </param>
          </params>
          <exception class="cucumber.runtime.CucumberException">
            <message>
              <![CDATA[org.openqa.selenium.NoSuchElementException: No such element (WARNING: The server did not provide any stacktrace information)
Command duration or timeout: 0 milliseconds
For documentation on this error, please visit: http://seleniumhq.org/exceptions/no_such_element.html
Build info: version: '3.14.0', revision: 'aacccce0', time: '2018-08-02T20:19:58.91Z'
System info: host: 'DESKTOP-CIM2M57', ip: '172.18.4.49', os.name: 'Windows 10', os.arch: 'amd64', os.version: '10.0', java.version: '1.8.0_171'
Driver info: org.openqa.selenium.edge.EdgeDriver
Capabilities {InPrivate: false, acceptSslCerts: true, applicationCacheEnabled: true, browserName: MicrosoftEdge, browserVersion: 42.17134.1.0, javascriptEnabled: true, locationContextEnabled: true, pageLoadStrategy: normal, platform: WINDOWS, platformName: WINDOWS, platformVersion: 10, takesElementScreenshot: true, takesScreenshot: true, webStorageEnabled: true}
Session ID: 8831EA8E-D610-4D95-A844-8FEE13C7E0C0
*** Element info: {Using=name, value=password}]]>
            </message>
            <full-stacktrace>
              <![CDATA[cucumber.runtime.CucumberException: org.openqa.selenium.NoSuchElementException: No such element (WARNING: The server did not provide any stacktrace information)
Command duration or timeout: 0 milliseconds
For documentation on this error, please visit: http://seleniumhq.org/exceptions/no_such_element.html
Build info: version: '3.14.0', revision: 'aacccce0', time: '2018-08-02T20:19:58.91Z'
System info: host: 'DESKTOP-CIM2M57', ip: '172.18.4.49', os.name: 'Windows 10', os.arch: 'amd64', os.version: '10.0', java.version: '1.8.0_171'
Driver info: org.openqa.selenium.edge.EdgeDriver
Capabilities {InPrivate: false, acceptSslCerts: true, applicationCacheEnabled: true, browserName: MicrosoftEdge, browserVersion: 42.17134.1.0, javascriptEnabled: true, locationContextEnabled: true, pageLoadStrategy: normal, platform: WINDOWS, platformName: WINDOWS, platformVersion: 10, takesElementScreenshot: true, takesScreenshot: true, webStorageEnabled: true}
Session ID: 8831EA8E-D610-4D95-A844-8FEE13C7E0C0
*** Element info: {Using=name, value=password}
at cucumber.api.testng.TestNGCucumberRunner.runCucumber(TestNGCucumberRunner.java:69)
at Demo_Framework.TestRunner.TC_2_createAnAccount.feature(TC_2_createAnAccount.java:46)
at sun.reflect.NativeMethodAccessorImpl.invoke0(Native Method)
at sun.reflect.NativeMethodAccessorImpl.invoke(Unknown Source)
at sun.reflect.DelegatingMethodAccessorImpl.invoke(Unknown Source)
at java.lang.reflect.Method.invoke(Unknown Source)
at org.testng.internal.MethodInvocationHelper.invokeMethod(MethodInvocationHelper.java:124)
at org.testng.internal.Invoker.invokeMethod(Invoker.java:580)
at org.testng.internal.Invoker.invokeTestMethod(Invoker.java:716)
at org.testng.internal.Invoker.invokeTestMethods(Invoker.java:988)
at org.testng.internal.TestMethodWorker.invokeTestMethods(TestMethodWorker.java:125)
at org.testng.internal.TestMethodWorker.run(TestMethodWorker.java:109)
at java.util.concurrent.ThreadPoolExecutor.runWorker(Unknown Source)
at java.util.concurrent.ThreadPoolExecutor$Worker.run(Unknown Source)
at java.lang.Thread.run(Unknown Source)
Caused by: org.openqa.selenium.NoSuchElementException: No such element (WARNING: The server did not provide any stacktrace information)
Command duration or timeout: 0 milliseconds
For documentation on this error, please visit: http://seleniumhq.org/exceptions/no_such_element.html
Build info: version: '3.14.0', revision: 'aacccce0', time: '2018-08-02T20:19:58.91Z'
System info: host: 'DESKTOP-CIM2M57', ip: '172.18.4.49', os.name: 'Windows 10', os.arch: 'amd64', os.version: '10.0', java.version: '1.8.0_171'
Driver info: org.openqa.selenium.edge.EdgeDriver
Capabilities {InPrivate: false, acceptSslCerts: true, applicationCacheEnabled: true, browserName: MicrosoftEdge, browserVersion: 42.17134.1.0, javascriptEnabled: true, locationContextEnabled: true, pageLoadStrategy: normal, platform: WINDOWS, platformName: WINDOWS, platformVersion: 10, takesElementScreenshot: true, takesScreenshot: true, webStorageEnabled: true}
Session ID: 8831EA8E-D610-4D95-A844-8FEE13C7E0C0
*** Element info: {Using=name, value=password}
at sun.reflect.NativeConstructorAccessorImpl.newInstance0(Native Method)
at sun.reflect.NativeConstructorAccessorImpl.newInstance(Unknown Source)
at sun.reflect.DelegatingConstructorAccessorImpl.newInstance(Unknown Source)
at java.lang.reflect.Constructor.newInstance(Unknown Source)
at org.openqa.selenium.remote.ErrorHandler.createThrowable(ErrorHandler.java:214)
at org.openqa.selenium.remote.ErrorHandler.throwIfResponseFailed(ErrorHandler.java:166)
at org.openqa.selenium.remote.http.JsonHttpResponseCodec.reconstructValue(JsonHttpResponseCodec.java:40)
at org.openqa.selenium.remote.http.AbstractHttpResponseCodec.decode(AbstractHttpResponseCodec.java:80)
at org.openqa.selenium.remote.http.AbstractHttpResponseCodec.decode(AbstractHttpResponseCodec.java:44)
at org.openqa.selenium.remote.HttpCommandExecutor.execute(HttpCommandExecutor.java:158)
at org.openqa.selenium.remote.service.DriverCommandExecutor.execute(DriverCommandExecutor.java:83)
at org.openqa.selenium.remote.RemoteWebDriver.execute(RemoteWebDriver.java:548)
at org.openqa.selenium.remote.RemoteWebDriver.findElement(RemoteWebDriver.java:322)
at org.openqa.selenium.remote.RemoteWebDriver.findElementByName(RemoteWebDriver.java:400)
at org.openqa.selenium.By$ByName.findElement(By.java:284)
at org.openqa.selenium.remote.RemoteWebDriver.findElement(RemoteWebDriver.java:314)
at org.openqa.selenium.support.pagefactory.DefaultElementLocator.findElement(DefaultElementLocator.java:69)
at org.openqa.selenium.support.pagefactory.internal.LocatingElementHandler.invoke(LocatingElementHandler.java:38)
at com.sun.proxy.$Proxy20.sendKeys(Unknown Source)
at com.assetvantage.pageObjectClass.logInPage.loginToApp(logInPage.java:67)
at com.assetvantage.StepDefination.createAnAccount_Assetvantage.user_is_able_to_login(createAnAccount_Assetvantage.java:35)
at ✽.Given user is able to login with "ravi.prakash" and "user@123"(C:/Users/partha.das/git/BDDFrameworkForQA/demoBDDFramework/src/main/java/com/assetvantage/featureFile/createAccount.feature:5)
]]>
            </full-stacktrace>
          </exception> <!-- cucumber.runtime.CucumberException -->
          <reporter-output>
          </reporter-output>
        </test-method> <!-- feature -->
        <test-method status="PASS" signature="tearDownClass()[pri:0, instance:Demo_Framework.TestRunner.TC_2_createAnAccount@394e1a0f]" name="tearDownClass" is-config="true" duration-ms="1309" started-at="2018-12-17T19:01:16Z" finished-at="2018-12-17T19:01:18Z">
          <reporter-output>
          </reporter-output>
        </test-method> <!-- tearDownClass -->
      </class> <!-- Demo_Framework.TestRunner.TC_2_createAnAccount -->
    </test> <!-- Login and Update Profile Test3 -->
  </suite> <!-- Asset Vantage Test Suite -->
</testng-results>
