<?xml version="1.0" encoding="UTF-8"?>
<testng-results skipped="0" failed="0" ignored="0" total="1" passed="1">
  <reporter-output>
  </reporter-output>
  <suite name="Default suite" duration-ms="78" started-at="2018-12-11T06:06:25Z" finished-at="2018-12-11T06:06:25Z">
    <groups>
    </groups>
    <test name="Default test" duration-ms="78" started-at="2018-12-11T06:06:25Z" finished-at="2018-12-11T06:06:25Z">
      <class name="Demo_Framework.execution.readJson_Test">
        <test-method status="PASS" signature="JSONRead()[pri:0, instance:Demo_Framework.execution.readJson_Test@4566e5bd]" name="JSONRead" duration-ms="35" started-at="2018-12-11T06:06:25Z" finished-at="2018-12-11T06:06:25Z">
          <reporter-output>
          </reporter-output>
        </test-method> <!-- JSONRead -->
      </class> <!-- Demo_Framework.execution.readJson_Test -->
    </test> <!-- Default test -->
  </suite> <!-- Default suite -->
</testng-results>
