<?xml version="1.0" encoding="UTF-8"?>
<testng-results skipped="0" failed="0" ignored="0" total="1" passed="1">
  <reporter-output>
  </reporter-output>
  <suite name="Default suite" duration-ms="31000" started-at="2018-12-13T10:15:54Z" finished-at="2018-12-13T10:16:25Z">
    <groups>
      <group name="cucumber">
        <method signature="TC_4_verify_balanceSheet_report.feature(cucumber.api.testng.CucumberFeatureWrapper)[pri:0, instance:Demo_Framework.execution.TC_4_verify_balanceSheet_report@2ac273d3]" name="feature" class="Demo_Framework.execution.TC_4_verify_balanceSheet_report"/>
      </group> <!-- cucumber -->
    </groups>
    <test name="Default test" duration-ms="31000" started-at="2018-12-13T10:15:54Z" finished-at="2018-12-13T10:16:25Z">
      <class name="Demo_Framework.execution.TC_4_verify_balanceSheet_report">
        <test-method status="PASS" signature="setUpClass()[pri:0, instance:Demo_Framework.execution.TC_4_verify_balanceSheet_report@2ac273d3]" name="setUpClass" is-config="true" duration-ms="312" started-at="2018-12-13T10:15:55Z" finished-at="2018-12-13T10:15:55Z">
          <reporter-output>
          </reporter-output>
        </test-method> <!-- setUpClass -->
        <test-method status="PASS" signature="feature(cucumber.api.testng.CucumberFeatureWrapper)[pri:0, instance:Demo_Framework.execution.TC_4_verify_balanceSheet_report@2ac273d3]" name="feature" duration-ms="30157" started-at="2018-12-13T10:15:55Z" description="Check balanceSheet report" data-provider="features" finished-at="2018-12-13T10:16:25Z">
          <params>
            <param index="0">
              <value>
                <![CDATA[Verify the details with JSON which are displayed on wealth register page.]]>
              </value>
            </param>
          </params>
          <reporter-output>
          </reporter-output>
        </test-method> <!-- feature -->
        <test-method status="PASS" signature="tearDownClass()[pri:0, instance:Demo_Framework.execution.TC_4_verify_balanceSheet_report@2ac273d3]" name="tearDownClass" is-config="true" duration-ms="421" started-at="2018-12-13T10:16:25Z" finished-at="2018-12-13T10:16:25Z">
          <reporter-output>
          </reporter-output>
        </test-method> <!-- tearDownClass -->
      </class> <!-- Demo_Framework.execution.TC_4_verify_balanceSheet_report -->
    </test> <!-- Default test -->
  </suite> <!-- Default suite -->
</testng-results>
