<?xml version="1.0" encoding="UTF-8"?>
<testng-results skipped="0" failed="1" ignored="0" total="1" passed="0">
  <reporter-output>
  </reporter-output>
  <suite name="Default suite" duration-ms="27429" started-at="2018-12-16T14:51:11Z" finished-at="2018-12-16T14:51:39Z">
    <groups>
      <group name="cucumber">
        <method signature="TC_3_verify_WealthRegister_Report.feature(cucumber.api.testng.CucumberFeatureWrapper)[pri:0, instance:Demo_Framework.execution.TC_3_verify_WealthRegister_Report@551aa95a]" name="feature" class="Demo_Framework.execution.TC_3_verify_WealthRegister_Report"/>
      </group> <!-- cucumber -->
    </groups>
    <test name="Default test" duration-ms="27429" started-at="2018-12-16T14:51:11Z" finished-at="2018-12-16T14:51:39Z">
      <class name="Demo_Framework.execution.TC_3_verify_WealthRegister_Report">
        <test-method status="PASS" signature="setUpClass()[pri:0, instance:Demo_Framework.execution.TC_3_verify_WealthRegister_Report@551aa95a]" name="setUpClass" is-config="true" duration-ms="356" started-at="2018-12-16T14:51:11Z" finished-at="2018-12-16T14:51:11Z">
          <reporter-output>
          </reporter-output>
        </test-method> <!-- setUpClass -->
        <test-method status="FAIL" signature="feature(cucumber.api.testng.CucumberFeatureWrapper)[pri:0, instance:Demo_Framework.execution.TC_3_verify_WealthRegister_Report@551aa95a]" name="feature" duration-ms="26186" started-at="2018-12-16T14:51:12Z" description="Check WR report" data-provider="features" finished-at="2018-12-16T14:51:38Z">
          <params>
            <param index="0">
              <value>
                <![CDATA[Verify the details with JSON which are displayed on wealth register page.]]>
              </value>
            </param>
          </params>
          <exception class="cucumber.runtime.CucumberException">
            <message>
              <![CDATA[java.lang.IndexOutOfBoundsException: Index: 0, Size: 0]]>
            </message>
            <full-stacktrace>
              <![CDATA[cucumber.runtime.CucumberException: java.lang.IndexOutOfBoundsException: Index: 0, Size: 0
at cucumber.api.testng.TestNGCucumberRunner.runCucumber(TestNGCucumberRunner.java:69)
at Demo_Framework.execution.TC_3_verify_WealthRegister_Report.feature(TC_3_verify_WealthRegister_Report.java:55)
at sun.reflect.NativeMethodAccessorImpl.invoke0(Native Method)
at sun.reflect.NativeMethodAccessorImpl.invoke(Unknown Source)
at sun.reflect.DelegatingMethodAccessorImpl.invoke(Unknown Source)
at java.lang.reflect.Method.invoke(Unknown Source)
at org.testng.internal.MethodInvocationHelper.invokeMethod(MethodInvocationHelper.java:124)
at org.testng.internal.Invoker.invokeMethod(Invoker.java:580)
at org.testng.internal.Invoker.invokeTestMethod(Invoker.java:716)
at org.testng.internal.Invoker.invokeTestMethods(Invoker.java:988)
at org.testng.internal.TestMethodWorker.invokeTestMethods(TestMethodWorker.java:125)
at org.testng.internal.TestMethodWorker.run(TestMethodWorker.java:109)
at org.testng.TestRunner.privateRun(TestRunner.java:648)
at org.testng.TestRunner.run(TestRunner.java:505)
at org.testng.SuiteRunner.runTest(SuiteRunner.java:455)
at org.testng.SuiteRunner.runSequentially(SuiteRunner.java:450)
at org.testng.SuiteRunner.privateRun(SuiteRunner.java:415)
at org.testng.SuiteRunner.run(SuiteRunner.java:364)
at org.testng.SuiteRunnerWorker.runSuite(SuiteRunnerWorker.java:52)
at org.testng.SuiteRunnerWorker.run(SuiteRunnerWorker.java:84)
at org.testng.TestNG.runSuitesSequentially(TestNG.java:1208)
at org.testng.TestNG.runSuitesLocally(TestNG.java:1137)
at org.testng.TestNG.runSuites(TestNG.java:1049)
at org.testng.TestNG.run(TestNG.java:1017)
at org.testng.remote.AbstractRemoteTestNG.run(AbstractRemoteTestNG.java:114)
at org.testng.remote.RemoteTestNG.initAndRun(RemoteTestNG.java:251)
at org.testng.remote.RemoteTestNG.main(RemoteTestNG.java:77)
Caused by: java.lang.IndexOutOfBoundsException: Index: 0, Size: 0
at java.util.ArrayList.rangeCheck(Unknown Source)
at java.util.ArrayList.get(Unknown Source)
at sun.reflect.NativeMethodAccessorImpl.invoke0(Native Method)
at sun.reflect.NativeMethodAccessorImpl.invoke(Unknown Source)
at sun.reflect.DelegatingMethodAccessorImpl.invoke(Unknown Source)
at java.lang.reflect.Method.invoke(Unknown Source)
at org.openqa.selenium.support.pagefactory.internal.LocatingElementListHandler.invoke(LocatingElementListHandler.java:39)
at com.sun.proxy.$Proxy21.get(Unknown Source)
at com.assetvantage.pageObjectClass.wealthRegisterPage.expandTheReport(wealthRegisterPage.java:178)
at com.assetvantage.StepDefination.wealthRegisterVerification_Assetvantage.detailedReportIsDisplayed(wealthRegisterVerification_Assetvantage.java:68)
at ✽.Then All Denominated Assets are displayed on page(C:/Users/partha.das/git/BDDFrameworkForQA/demoBDDFramework/src/main/java/com/assetvantage/featureFile/wealthRegisterVerification.feature:9)
]]>
            </full-stacktrace>
          </exception> <!-- cucumber.runtime.CucumberException -->
          <reporter-output>
          </reporter-output>
        </test-method> <!-- feature -->
        <test-method status="PASS" signature="tearDownClass()[pri:0, instance:Demo_Framework.execution.TC_3_verify_WealthRegister_Report@551aa95a]" name="tearDownClass" is-config="true" duration-ms="794" started-at="2018-12-16T14:51:38Z" finished-at="2018-12-16T14:51:39Z">
          <reporter-output>
          </reporter-output>
        </test-method> <!-- tearDownClass -->
      </class> <!-- Demo_Framework.execution.TC_3_verify_WealthRegister_Report -->
    </test> <!-- Default test -->
  </suite> <!-- Default suite -->
</testng-results>
