<?xml version="1.0" encoding="UTF-8"?>
<testng-results skipped="0" failed="0" ignored="0" total="1" passed="1">
  <reporter-output>
  </reporter-output>
  <suite name="Default suite" duration-ms="13349" started-at="2018-12-17T05:59:38Z" finished-at="2018-12-17T05:59:51Z">
    <groups>
      <group name="cucumber">
        <method signature="TC_1_loginTest.feature(cucumber.api.testng.CucumberFeatureWrapper)[pri:0, instance:Demo_Framework.execution.TC_1_loginTest@551aa95a]" name="feature" class="Demo_Framework.execution.TC_1_loginTest"/>
      </group> <!-- cucumber -->
    </groups>
    <test name="Default test" duration-ms="13349" started-at="2018-12-17T05:59:38Z" finished-at="2018-12-17T05:59:51Z">
      <class name="Demo_Framework.execution.TC_1_loginTest">
        <test-method status="PASS" signature="setUpClass()[pri:0, instance:Demo_Framework.execution.TC_1_loginTest@551aa95a]" name="setUpClass" is-config="true" duration-ms="437" started-at="2018-12-17T05:59:38Z" finished-at="2018-12-17T05:59:38Z">
          <reporter-output>
          </reporter-output>
        </test-method> <!-- setUpClass -->
        <test-method status="PASS" signature="feature(cucumber.api.testng.CucumberFeatureWrapper)[pri:0, instance:Demo_Framework.execution.TC_1_loginTest@551aa95a]" name="feature" duration-ms="11448" started-at="2018-12-17T05:59:39Z" description="Runs Cucumber Feature" data-provider="features" finished-at="2018-12-17T05:59:50Z">
          <params>
            <param index="0">
              <value>
                <![CDATA[Login to Asset Vantage portal]]>
              </value>
            </param>
          </params>
          <reporter-output>
          </reporter-output>
        </test-method> <!-- feature -->
        <test-method status="PASS" signature="tearDownClass()[pri:0, instance:Demo_Framework.execution.TC_1_loginTest@551aa95a]" name="tearDownClass" is-config="true" duration-ms="1340" started-at="2018-12-17T05:59:50Z" finished-at="2018-12-17T05:59:51Z">
          <reporter-output>
          </reporter-output>
        </test-method> <!-- tearDownClass -->
      </class> <!-- Demo_Framework.execution.TC_1_loginTest -->
    </test> <!-- Default test -->
  </suite> <!-- Default suite -->
</testng-results>
