<?xml version="1.0" encoding="UTF-8"?>
<testng-results skipped="0" failed="0" ignored="0" total="1" passed="1">
  <reporter-output>
  </reporter-output>
  <suite name="Default suite" duration-ms="1089" started-at="2018-12-11T12:52:54Z" finished-at="2018-12-11T12:52:55Z">
    <groups>
      <group name="cucumber">
        <method signature="TC_3_verify_WealthRegister_Report.feature(cucumber.api.testng.CucumberFeatureWrapper)[pri:0, instance:Demo_Framework.execution.TC_3_verify_WealthRegister_Report@2ac273d3]" name="feature" class="Demo_Framework.execution.TC_3_verify_WealthRegister_Report"/>
      </group> <!-- cucumber -->
    </groups>
    <test name="Default test" duration-ms="1089" started-at="2018-12-11T12:52:54Z" finished-at="2018-12-11T12:52:55Z">
      <class name="Demo_Framework.execution.TC_3_verify_WealthRegister_Report">
        <test-method status="PASS" signature="setUpClass()[pri:0, instance:Demo_Framework.execution.TC_3_verify_WealthRegister_Report@2ac273d3]" name="setUpClass" is-config="true" duration-ms="291" started-at="2018-12-11T12:52:54Z" finished-at="2018-12-11T12:52:54Z">
          <reporter-output>
          </reporter-output>
        </test-method> <!-- setUpClass -->
        <test-method status="PASS" signature="feature(cucumber.api.testng.CucumberFeatureWrapper)[pri:0, instance:Demo_Framework.execution.TC_3_verify_WealthRegister_Report@2ac273d3]" name="feature" duration-ms="293" started-at="2018-12-11T12:52:54Z" description="Check WR report" data-provider="features" finished-at="2018-12-11T12:52:55Z">
          <params>
            <param index="0">
              <value>
                <![CDATA[Verify the details with JSON which are displayed on wealth register page.]]>
              </value>
            </param>
          </params>
          <reporter-output>
          </reporter-output>
        </test-method> <!-- feature -->
        <test-method status="PASS" signature="tearDownClass()[pri:0, instance:Demo_Framework.execution.TC_3_verify_WealthRegister_Report@2ac273d3]" name="tearDownClass" is-config="true" duration-ms="420" started-at="2018-12-11T12:52:55Z" finished-at="2018-12-11T12:52:55Z">
          <reporter-output>
          </reporter-output>
        </test-method> <!-- tearDownClass -->
      </class> <!-- Demo_Framework.execution.TC_3_verify_WealthRegister_Report -->
    </test> <!-- Default test -->
  </suite> <!-- Default suite -->
</testng-results>
